nohup: ignoring input

> monallo@1.0.0 dev
> next dev -p 3000 -H 0.0.0.0 -p 7070

  ▲ Next.js 14.2.5
  - Local:        http://localhost:7070
  - Network:      http://0.0.0.0:7070
  - Environments: .env

 ✓ Starting...
 ✓ Ready in 1592ms
 ○ Compiling / ...
 ✓ Compiled / in 3.4s (1238 modules)
 GET / 200 in 3757ms
 ✓ Compiled in 371ms (626 modules)
 GET / 200 in 42ms
 GET / 200 in 28ms
 GET / 200 in 35ms
 ✓ Compiled /api/stats in 330ms (646 modules)
 GET /api/stats 200 in 1088ms
 GET /api/stats 200 in 11ms
 HEAD / 200 in 131ms
 GET / 200 in 61ms
 ✓ Compiled /_not-found in 265ms (1261 modules)
 HEAD /.env 404 in 344ms
 HEAD /.env.local 404 in 14ms
 HEAD /.env.prod 404 in 14ms
 HEAD /.env.dev 404 in 13ms
 GET / 200 in 85ms
 GET /server 404 in 15ms
 GET /server-status 404 in 18ms
 GET /about 404 in 16ms
 GET /login.action 404 in 24ms
 GET /v2/_catalog 404 in 17ms
 GET /.DS_Store 404 in 16ms
 GET /.env 404 in 16ms
 GET /ecp/Current/exporttool/microsoft.exchange.ediscovery.exporttool.application 404 in 21ms
 GET /.git/config 404 in 16ms
 POST /graphql 404 in 17ms
 POST /api 404 in 16ms
 POST /api/graphql 404 in 16ms
 POST /graphql/api 404 in 18ms
 POST /api/gql 404 in 17ms
 GET /s/434323e2333313e2138313e2533313/_/;/META-INF/maven/com.atlassian.jira/jira-webapp-dist/pom.properties 404 in 16ms
 GET /config.json 404 in 16ms
 GET /telescope/requests 404 in 17ms
 POST /php-cgi/php-cgi.exe?%ADd+cgi.force_redirect%3D0+%ADd+disable_functions%3D""+%ADd+allow_url_include%3D1+%ADd+auto_prepend_file%3Dphp://input 404 in 15ms
 GET /info.php 404 in 16ms
Error: Failed to find Server Action "fb2528f3". This request might be from an older or newer deployment. Original error: Cannot read properties of undefined (reading 'workers')
    at rk (/root/uatmonallo/node_modules/next/dist/compiled/next-server/app-page.runtime.dev.js:39:1713)
    at /root/uatmonallo/node_modules/next/dist/compiled/next-server/app-page.runtime.dev.js:39:303
    at process.processTicksAndRejections (node:internal/process/task_queues:95:5)
    at async rw (/root/uatmonallo/node_modules/next/dist/compiled/next-server/app-page.runtime.dev.js:38:7978)
    at async r6 (/root/uatmonallo/node_modules/next/dist/compiled/next-server/app-page.runtime.dev.js:41:1256)
    at async doRender (/root/uatmonallo/node_modules/next/dist/server/base-server.js:1438:30)
    at async cacheEntry.responseCache.get.routeKind (/root/uatmonallo/node_modules/next/dist/server/base-server.js:1599:28)
    at async DevServer.renderToResponseWithComponentsImpl (/root/uatmonallo/node_modules/next/dist/server/base-server.js:1507:28)
    at async DevServer.renderPageComponent (/root/uatmonallo/node_modules/next/dist/server/base-server.js:1931:24)
    at async DevServer.renderToResponseImpl (/root/uatmonallo/node_modules/next/dist/server/base-server.js:1969:32)
    at async DevServer.pipeImpl (/root/uatmonallo/node_modules/next/dist/server/base-server.js:920:25)
    at async NextNodeServer.handleCatchallRenderRequest (/root/uatmonallo/node_modules/next/dist/server/next-server.js:272:17)
    at async DevServer.handleRequestImpl (/root/uatmonallo/node_modules/next/dist/server/base-server.js:816:17)
    at async /root/uatmonallo/node_modules/next/dist/server/dev/next-dev-server.js:339:20
    at async Span.traceAsyncFn (/root/uatmonallo/node_modules/next/dist/trace/trace.js:154:20)
    at async DevServer.handleRequest (/root/uatmonallo/node_modules/next/dist/server/dev/next-dev-server.js:336:24)
    at async invokeRender (/root/uatmonallo/node_modules/next/dist/server/lib/router-server.js:174:21)
    at async handleRequest (/root/uatmonallo/node_modules/next/dist/server/lib/router-server.js:353:24)
    at async requestHandlerImpl (/root/uatmonallo/node_modules/next/dist/server/lib/router-server.js:377:13)
    at async Server.requestListener (/root/uatmonallo/node_modules/next/dist/server/lib/start-server.js:141:13)
 POST / 200 in 40ms
 GET /nodesync?cmd=hostname 404 in 17ms
 GET /exec?cmd=hostname 404 in 15ms
Error: Failed to find Server Action "2c5e630b". This request might be from an older or newer deployment. Original error: Cannot read properties of undefined (reading 'workers')
    at rk (/root/uatmonallo/node_modules/next/dist/compiled/next-server/app-page.runtime.dev.js:39:1713)
    at /root/uatmonallo/node_modules/next/dist/compiled/next-server/app-page.runtime.dev.js:39:303
    at process.processTicksAndRejections (node:internal/process/task_queues:95:5)
    at async rw (/root/uatmonallo/node_modules/next/dist/compiled/next-server/app-page.runtime.dev.js:38:7978)
    at async r6 (/root/uatmonallo/node_modules/next/dist/compiled/next-server/app-page.runtime.dev.js:41:1256)
    at async doRender (/root/uatmonallo/node_modules/next/dist/server/base-server.js:1438:30)
    at async cacheEntry.responseCache.get.routeKind (/root/uatmonallo/node_modules/next/dist/server/base-server.js:1599:28)
    at async DevServer.renderToResponseWithComponentsImpl (/root/uatmonallo/node_modules/next/dist/server/base-server.js:1507:28)
    at async DevServer.renderPageComponent (/root/uatmonallo/node_modules/next/dist/server/base-server.js:1931:24)
    at async DevServer.renderToResponseImpl (/root/uatmonallo/node_modules/next/dist/server/base-server.js:1969:32)
    at async DevServer.pipeImpl (/root/uatmonallo/node_modules/next/dist/server/base-server.js:920:25)
    at async NextNodeServer.handleCatchallRenderRequest (/root/uatmonallo/node_modules/next/dist/server/next-server.js:272:17)
    at async DevServer.handleRequestImpl (/root/uatmonallo/node_modules/next/dist/server/base-server.js:816:17)
    at async /root/uatmonallo/node_modules/next/dist/server/dev/next-dev-server.js:339:20
    at async Span.traceAsyncFn (/root/uatmonallo/node_modules/next/dist/trace/trace.js:154:20)
    at async DevServer.handleRequest (/root/uatmonallo/node_modules/next/dist/server/dev/next-dev-server.js:336:24)
    at async invokeRender (/root/uatmonallo/node_modules/next/dist/server/lib/router-server.js:174:21)
    at async handleRequest (/root/uatmonallo/node_modules/next/dist/server/lib/router-server.js:353:24)
    at async requestHandlerImpl (/root/uatmonallo/node_modules/next/dist/server/lib/router-server.js:377:13)
    at async Server.requestListener (/root/uatmonallo/node_modules/next/dist/server/lib/start-server.js:141:13)
 POST / 200 in 30ms
 GET /.well-known/security.txt 404 in 17ms
 GET /actuator/env 404 in 18ms
 GET /swagger-ui.html 404 in 18ms
 GET /swagger/index.html 404 in 14ms
 GET /swagger/swagger-ui.html 404 in 15ms
 GET /webjars/swagger-ui/index.html 404 in 16ms
 GET /swagger.json 404 in 16ms
 GET /swagger/v1/swagger.json 404 in 28ms
 GET /v2/api-docs 404 in 16ms
 GET /v3/api-docs 404 in 17ms
 GET / 200 in 31ms
 GET /api-docs/swagger.json 404 in 13ms
 GET /api/swagger.json 404 in 16ms
 GET /trace.axd 404 in 18ms
 GET /@vite/env 404 in 16ms
 GET /.vscode/sftp.json 404 in 20ms
 OPTIONS / 200 in 28ms
 GET /?rest_route=/wp/v2/users/ 200 in 27ms
 GET /debug/default/view?panel=config 404 in 16ms
 ○ Compiling /ai-pay ...
 ✓ Compiled /api/stats in 1738ms (1655 modules)
 GET /api/stats 200 in 871ms
 GET /api/stats 200 in 873ms
 GET /api/stats 200 in 8ms
 GET /api/stats 200 in 9ms
 GET / 200 in 136ms
 ○ Compiling /store ...
 ✓ Compiled /store in 3s (2854 modules)
 GET / 200 in 1106ms
 GET /api/stats 200 in 30ms
 GET /api/stats 200 in 29ms
 GET / 200 in 32ms
 GET /api/stats 200 in 10ms
 GET /api/stats 200 in 8ms
 ○ Compiling /api/store/api-key/status ...
 ✓ Compiled /api/store/api-key/status in 801ms (1632 modules)
 ✓ Compiled (1637 modules)
 GET /api/store/api-key/status?wallet=0x1183e9708baf5eecf3eed0af096b3c6264aa6911 200 in 1219ms
 GET /api/store/purchases?address=0x1183e9708baf5eecf3eed0af096b3c6264aa6911&limit=100 200 in 1226ms
 GET /api/store/balance?wallet=0x1183e9708baf5eecf3eed0af096b3c6264aa6911&chain_id=420420417 200 in 1749ms
 GET /api/store/balance?wallet=0x1183e9708baf5eecf3eed0af096b3c6264aa6911&chain_id=420420417 200 in 101ms
 GET / 200 in 120ms
 GET /api/store/purchases?address=0x1183e9708baf5eecf3eed0af096b3c6264aa6911&limit=100 200 in 30ms
 ✓ Compiled /api/store/usage in 185ms (1639 modules)
 GET /api/store/usage?address=0x1183e9708baf5eecf3eed0af096b3c6264aa6911&limit=100 200 in 238ms
 GET /api/stats 200 in 19ms
 GET /api/stats 200 in 18ms
 POST /api/store/purchases 200 in 109ms
 GET /api/store/purchases?address=0x1183e9708baf5eecf3eed0af096b3c6264aa6911&limit=100 200 in 16ms
 GET /api/store/balance?wallet=0x1183e9708baf5eecf3eed0af096b3c6264aa6911&chain_id=420420417 200 in 456ms
 ✓ Compiled /api/store/register-key in 387ms (1635 modules)
 POST /api/store/register-key 200 in 480ms
 GET /store 200 in 595ms
 ✓ Compiled /api/store/api-key/status in 235ms (1637 modules)
 GET /api/store/purchases?address=0x1183e9708baf5eecf3eed0af096b3c6264aa6911&limit=100 200 in 428ms
 GET /api/store/api-key/status?wallet=0x1183e9708baf5eecf3eed0af096b3c6264aa6911 200 in 436ms
 GET /api/store/balance?wallet=0x1183e9708baf5eecf3eed0af096b3c6264aa6911&chain_id=420420417 200 in 519ms
 ○ Compiling /api/store/api-key/challenge ...
 ✓ Compiled /api/store/api-key/challenge in 507ms (1639 modules)
 POST /api/store/api-key/challenge 200 in 588ms
 ✓ Compiled /api/store/api-key/reveal in 215ms (1641 modules)
 POST /api/store/api-key/reveal 200 in 344ms
 ✓ Compiled /api/monallo/v1/chat/completions in 230ms (1644 modules)
 POST /api/monallo/v1/chat/completions 200 in 6540ms
 GET /api/store/balance?wallet=0x1183e9708baf5eecf3eed0af096b3c6264aa6911&chain_id=420420417 200 in 535ms
 POST /api/monallo/v1/chat/completions 200 in 3332ms
 GET /api/store/purchases?address=0x1183e9708baf5eecf3eed0af096b3c6264aa6911&limit=100 200 in 34ms
 ○ Compiling /api/store/usage ...
 ✓ Compiled /api/store/usage in 651ms (1637 modules)
 GET /api/store/usage?address=0x1183e9708baf5eecf3eed0af096b3c6264aa6911&limit=100 200 in 710ms
 GET /api/store/balance?wallet=0x1183e9708baf5eecf3eed0af096b3c6264aa6911&chain_id=420420417 200 in 436ms
 GET /store 200 in 595ms
 ✓ Compiled /api/store/api-key/status in 199ms (1639 modules)
 GET /api/store/purchases?address=0x1183e9708baf5eecf3eed0af096b3c6264aa6911&limit=100 200 in 377ms
 GET /api/store/api-key/status?wallet=0x1183e9708baf5eecf3eed0af096b3c6264aa6911 200 in 382ms
 GET /api/store/balance?wallet=0x1183e9708baf5eecf3eed0af096b3c6264aa6911&chain_id=420420417 200 in 527ms
 GET /api/store/balance?wallet=0x1183e9708baf5eecf3eed0af096b3c6264aa6911&chain_id=420420417 200 in 237ms
 POST /api/monallo/v1/chat/completions 402 in 543ms
 ✓ Compiled /api/store/confirm-payment in 422ms (1633 modules)
 POST /api/store/confirm-payment 200 in 6075ms
 ○ Compiling /api/store/purchases ...
 ✓ Compiled /api/store/purchases in 533ms (1635 modules)
 POST /api/store/purchases 200 in 621ms
 ✓ Compiled /api/store/balance in 175ms (1637 modules)
 GET /api/store/purchases?address=0x1183e9708baf5eecf3eed0af096b3c6264aa6911&limit=100 200 in 334ms
 GET /api/store/balance?wallet=0x1183e9708baf5eecf3eed0af096b3c6264aa6911&chain_id=420420417 200 in 422ms
 POST /api/monallo/v1/chat/completions 200 in 3551ms
 GET /api/store/balance?wallet=0x1183e9708baf5eecf3eed0af096b3c6264aa6911&chain_id=420420417 200 in 430ms
 GET /api/store/purchases?address=0x1183e9708baf5eecf3eed0af096b3c6264aa6911&limit=100 200 in 47ms
 ✓ Compiled /api/store/usage in 360ms (1639 modules)
 GET /api/store/usage?address=0x1183e9708baf5eecf3eed0af096b3c6264aa6911&limit=100 200 in 416ms
 GET /api/store/balance?wallet=0x1183e9708baf5eecf3eed0af096b3c6264aa6911&chain_id=420420417 200 in 615ms
 GET /api/store/purchases?address=0x1183e9708baf5eecf3eed0af096b3c6264aa6911&limit=100 200 in 26ms
 GET /api/store/usage?address=0x1183e9708baf5eecf3eed0af096b3c6264aa6911&limit=100 200 in 31ms
 ○ Compiling /_not-found ...
 ✓ Compiled /_not-found in 691ms (2820 modules)
 GET /register 404 in 776ms
 GET /cart 404 in 855ms
 GET /account 404 in 534ms
 GET /order 404 in 540ms
 GET /shop 404 in 34ms
 GET /pricing 404 in 34ms
 GET /plans 404 in 34ms
 GET /admin 404 in 13ms
 GET /.env.production 404 in 16ms
 GET /.env.production.local 404 in 25ms
 GET /payment 404 in 18ms
 GET /.env.prod 404 in 16ms
 GET /checkout 404 in 30ms
 GET /.env.staging 404 in 56ms
 GET /.env.stage 404 in 59ms
 GET /.env.dev 404 in 39ms
 GET /.env 404 in 36ms
 GET /.env.development 404 in 33ms
 GET /.env.local 404 in 45ms
 GET /.env.test 404 in 41ms
 GET /sitemap.xml 404 in 47ms
 GET /.env.uat 404 in 26ms
 GET /.env.vite 404 in 24ms
 GET /.env.bak 404 in 19ms
 GET /.env.backup 404 in 18ms
 GET /.env.old 404 in 15ms
 GET /index.html 404 in 20ms
 GET /billing 404 in 26ms
 GET /dashboard 404 in 24ms
 GET /subscribe 404 in 19ms
 GET /.env.save 404 in 26ms
 GET /.env.example 404 in 23ms
 GET /.env.dist 404 in 19ms
 GET /signup 404 in 44ms
 GET /.env.template 404 in 35ms
 GET /.env.txt 404 in 31ms
 GET /.env.json 404 in 16ms
 GET /.env.stripe 404 in 18ms
 GET /.env.aws 404 in 17ms
 GET /donate 404 in 19ms
 GET /.env_sample 404 in 26ms
 GET /env 404 in 18ms
 GET /env.backup 404 in 47ms
 GET /api/.env 404 in 41ms
 GET /api/v1/.env 404 in 37ms
 GET /api/v2/.env 404 in 18ms
 GET /api/shared/.env 404 in 29ms
 GET /api/shared/config/.env 404 in 23ms
 GET /backend/.env 404 in 15ms
 GET /laravel/.env 404 in 15ms
 GET /laravel/core/.env 404 in 19ms
 GET /payment/.env 404 in 17ms
 GET /robots.txt 404 in 17ms
 GET / 200 in 119ms
 GET /admin/.env 404 in 110ms
 GET /core/.env 404 in 28ms
 GET /stripe/.env 404 in 25ms
 GET /assets/.env 404 in 24ms
 GET /app/.env 404 in 13ms
 GET /docker/.env 404 in 24ms
 GET /docker/app/.env 404 in 18ms
 GET /server/.env 404 in 17ms
 GET /web/.env 404 in 14ms
 GET /src/.env 404 in 16ms
 GET /src/config/.env 404 in 33ms
 GET /public/.env 404 in 30ms
 GET /config/.env 404 in 30ms
 GET /portal/.env 404 in 14ms
 GET /env/.env 404 in 33ms
 GET /dev/.env 404 in 36ms
 GET /prod/.env 404 in 24ms
 GET /new/.env 404 in 18ms
 GET /conf/.env 404 in 49ms
 GET /www/.env 404 in 46ms
 GET /site/.env 404 in 34ms
 GET /crm/.env 404 in 22ms
 GET /local/.env 404 in 18ms
 GET /apps/.env 404 in 20ms
 GET /application/.env 404 in 21ms
 GET /development/.env 404 in 29ms
 GET /website/.env 404 in 29ms
 GET /backup/.env 404 in 11ms
 GET /old/.env 404 in 15ms
 GET /test/.env 404 in 15ms
 GET /tests/.env 404 in 30ms
 GET /storage/.env 404 in 24ms
 GET /rest/.env 404 in 25ms
 GET /graphql/.env 404 in 23ms
 GET /v1/.env 404 in 17ms
 GET /v2/.env 404 in 20ms
 GET /mail/.env 404 in 16ms
 GET /db/.env 404 in 39ms
 GET /database/.env 404 in 27ms
 GET /tmp/.env 404 in 25ms
 GET /var/.env 404 in 13ms
 GET /kyc/.env 404 in 15ms
 GET /.vscode/.env 404 in 12ms
 GET /node_modules/.env 404 in 33ms
 GET /config.env 404 in 34ms
 GET /api/config.env 404 in 31ms
 GET /api/shared/config.env 404 in 26ms
 GET /api/shared/config/config.env 404 in 18ms
 GET /config/stripe.env 404 in 17ms
 GET /.circleci/stripe.env 404 in 22ms
 GET /stripe.env 404 in 19ms
 GET /config.js 404 in 26ms
 GET /main.js 404 in 21ms
 GET /env.js 404 in 18ms
 GET /app.js 404 in 17ms
 GET /constants.js 404 in 25ms
 GET /bundle.js 404 in 16ms
 GET /index.js 404 in 25ms
 GET /@vite/client 404 in 18ms
 GET /__env.js 404 in 23ms
 GET /vendor.js 404 in 20ms
 GET /env.json 404 in 21ms
 GET /.vite/manifest.json 404 in 12ms
 GET /manifest.json 404 in 17ms
 GET /asset-manifest.json 404 in 16ms
 GET /.git/config 404 in 17ms
 GET /.git/HEAD 404 in 15ms
 GET /wp-config.php.bak 404 in 25ms
 GET /wp-config.php.old 404 in 20ms
 GET /wp-config.php.txt 404 in 17ms
 GET /wp-config.php.save 404 in 30ms
 GET /wp-config.php~ 404 in 24ms
 GET /wp-config 404 in 17ms
 GET /wp-config.txt 404 in 21ms
 GET /_next/static/chunks/app-pages-internals.js.map 404 in 24ms
 GET /_next/static/chunks/polyfills.js.map 404 in 31ms
 GET /_next/static/chunks/app-pages-internals.js.map 404 in 29ms
 GET /_next/static/chunks/polyfills.js.map 404 in 29ms
 GET /_next/static/chunks/app-pages-internals.js.map 404 in 16ms
 GET /_next/static/chunks/polyfills.js.map 404 in 15ms
 GET /wp-config.old 404 in 20ms
 GET /wp-content/debug.log 404 in 16ms
 GET /wp-json/wc/v3/payment_gateways 404 in 19ms
 GET /wp-json/wc/v2/payment_gateways 404 in 12ms
 GET /wp-json/wc/v3/settings/checkout 404 in 29ms
 GET /wp-admin/admin-ajax.php 404 in 21ms
 GET /stripe.key 404 in 16ms
 GET /stripe.txt 404 in 62ms
 GET /wp-content/uploads/wc-logs 404 in 68ms
 GET /_next/static/chunks/app-pages-internals.js.map 404 in 49ms
 GET /stripe.json 404 in 49ms
 GET /_next/static/chunks/polyfills.js.map 404 in 47ms
 GET /_next/static/chunks/polyfills.js.map 404 in 29ms
 GET /_next/static/chunks/app-pages-internals.js.map 404 in 38ms
 GET /_next/static/chunks/app-pages-internals.js.map 404 in 18ms
 GET /_next/static/chunks/polyfills.js.map 404 in 15ms
 GET /stripe.log 404 in 30ms
 GET /_next/static/chunks/app-pages-internals.js.map 404 in 23ms
 GET /stripe.conf 404 in 22ms
 GET /_next/static/chunks/polyfills.js.map 404 in 22ms
 GET /_next/static/chunks/app-pages-internals.js.map 404 in 31ms
 GET /_next/static/chunks/polyfills.js.map 404 in 23ms
 GET /stripe.ini 404 in 16ms
 GET /_next/static/chunks/app-pages-internals.js.map 404 in 31ms
 GET /_next/static/chunks/polyfills.js.map 404 in 26ms
 GET /_next/static/chunks/app-pages-internals.js.map 404 in 30ms
 GET /_next/static/chunks/polyfills.js.map 404 in 25ms
 GET /_next/static/chunks/app-pages-internals.js.map 404 in 27ms
 GET /_next/static/chunks/polyfills.js.map 404 in 25ms
 GET /stripe.bak 404 in 18ms
 GET /stripe.old 404 in 18ms
 GET /stripe.save 404 in 48ms
 GET /_next/static/chunks/app-pages-internals.js.map 404 in 46ms
 GET /_next/static/chunks/polyfills.js.map 404 in 64ms
 GET /_next/static/chunks/app-pages-internals.js.map 404 in 39ms
 GET /_next/static/chunks/polyfills.js.map 404 in 39ms
 GET /stripe.backup 404 in 14ms
 GET /stripe_keys.json 404 in 18ms
 GET /stripe_secret.json 404 in 16ms
 GET /stripe_config.json 404 in 17ms
 GET /config/stripe.json 404 in 15ms
 GET /config/stripe.yaml 404 in 17ms
 GET /config/stripe.yml 404 in 15ms
 GET /_next/static/chunks/app-pages-internals.js.map 404 in 36ms
 GET /_next/static/chunks/polyfills.js.map 404 in 33ms
 GET /config/stripe.ts 404 in 15ms
 GET /api/stripe.ts 404 in 17ms
 GET /secrets/stripe.json 404 in 18ms
 GET /backup/stripe.json 404 in 23ms
 GET /storage/stripe.json 404 in 17ms
 GET /storage/stripe.keys 404 in 20ms
 GET /storage/app/stripe.json 404 in 17ms
 GET /storage/keys/stripe.json 404 in 16ms
 GET /storage/secrets/stripe.json 404 in 21ms
 GET /settings/stripe.py 404 in 15ms
 GET /config/initializers/stripe.rb 404 in 17ms
 GET /app/config/stripe.yml 404 in 17ms
 GET /config/payment.yml 404 in 23ms
 GET /api/config 404 in 17ms
 GET /api/v1/config 404 in 18ms
 GET /_next/static/chunks/app-pages-internals.js.map 404 in 40ms
 GET /_next/static/chunks/polyfills.js.map 404 in 59ms
 GET /_next/static/chunks/app-pages-internals.js.map 404 in 41ms
 GET /_next/static/chunks/polyfills.js.map 404 in 42ms
 GET /api/settings 404 in 19ms
 GET /api/v1/settings 404 in 15ms
 GET /api/stripe/config 404 in 16ms
 GET /api/payment/config 404 in 15ms
 GET /admin/config 404 in 19ms
 GET /admin/settings 404 in 16ms
 GET /credentials.json 404 in 14ms
 GET /credentials.txt 404 in 15ms
 GET /secrets.json 404 in 16ms
 GET /secrets.yml 404 in 16ms
 GET /secrets.yaml 404 in 17ms
 GET /.vscode/sftp.json 404 in 26ms
 GET /docker-compose.yml 404 in 17ms
 GET /appsettings.json 404 in 17ms
 GET /config/secrets.yml 404 in 16ms
 GET /config/credentials.yml 404 in 22ms
 GET /config/settings.json 404 in 11ms
 GET /_next/static/chunks/app-pages-internals.js.map 404 in 13ms
 GET /_next/static/chunks/polyfills.js.map 404 in 16ms
 GET /config/config.json 404 in 17ms
 GET /webhooks/settings.json 404 in 18ms
 GET /instance/config.py 404 in 16ms
 GET /swagger.json 404 in 18ms
 GET /app/config/parameters.yml 404 in 18ms
 GET /config/parameters.yml 404 in 22ms
 GET /parameters.yml 404 in 19ms
 GET /config/application.yml 404 in 13ms
 GET /application.properties 404 in 22ms
 GET /application.yml 404 in 20ms
 GET /settings.py 404 in 17ms
 GET /config.yml 404 in 15ms
 GET /config.inc 404 in 20ms
 GET /config/database.yml 404 in 18ms
 GET /backend/config/default.yml 404 in 18ms
 GET /backend/config/settings.yml 404 in 20ms
 GET /serverless.yml 404 in 18ms
 GET /.aws/credentials 404 in 19ms
 GET /aws/credentials 404 in 16ms
 GET /.aws/config 404 in 18ms
 GET /aws-secret.yaml 404 in 17ms
 GET /.circleci/config.yml 404 in 17ms
 GET /.bitbucket/pipelines.yml 404 in 17ms
 GET /.travis.yml 404 in 19ms
 GET /info.php 404 in 16ms
 GET /test.php 404 in 16ms
 GET /phpinfo.php 404 in 18ms
 GET /phpinfo 404 in 19ms
 GET /_profiler/phpinfo 404 in 21ms
 GET /app_dev.php/_profiler/phpinfo 404 in 16ms
 GET /_profiler/latest 404 in 25ms
 GET /manage/env 404 in 16ms
 GET /debug/default/view 404 in 18ms
 GET /server-info 404 in 16ms
 GET /error.log 404 in 19ms
 GET /storage/logs/laravel.log 404 in 20ms
 GET /storage/logs/stripe.log 404 in 20ms
 GET /storage/logs/payments.log 404 in 19ms
 GET /debug.log 404 in 16ms
 GET /horizon/api/stats 404 in 16ms
 GET /robots.txt 404 in 32ms
 GET / 200 in 49ms
 GET /ai-pay 200 in 143ms
 ○ Compiling /docs ...
 ✓ Compiled /docs in 9s (6641 modules)
 GET /docs 200 in 9363ms
 GET /%22 404 in 26ms
 GET /%22' 404 in 20ms
 GET /%22'+e+'/%22 404 in 20ms
 GET / 200 in 120ms
 GET / 200 in 51ms
 GET / 200 in 50ms
 GET / 200 in 51ms
 GET /.well-known/farcaster.json 404 in 29ms
 GET /.well-known/farcaster.json 404 in 29ms
 GET / 200 in 52ms
 GET / 200 in 48ms
 GET / 200 in 49ms
 ✓ Compiled /api/stats in 484ms (1461 modules)
 GET /api/stats 200 in 558ms
 GET /api/stats 200 in 559ms
 GET / 200 in 137ms
 ○ Compiling /_not-found ...
 ✓ Compiled /_not-found in 939ms (4586 modules)
 GET /wordpress 404 in 1049ms
 GET / 200 in 110ms
 GET / 200 in 50ms
 GET / 200 in 41ms
 GET / 200 in 52ms
 GET / 200 in 41ms
 GET / 200 in 36ms
 GET / 200 in 47ms
 GET /css/support_parent.css 404 in 29ms
 GET /assets/js/qr_modal.js 404 in 24ms
 GET /static/style/sys_files/index.js 404 in 23ms
 GET /robots.txt 404 in 21ms
 GET /assets/js/auth.js 404 in 22ms
 GET /static/style/protect/index.js 404 in 25ms
 GET /js/lkk_ch.js 404 in 22ms
 GET /assets/js/message.js 404 in 23ms
 GET /js/twint_ch.js 404 in 22ms
 GET / 200 in 42ms
 GET / 200 in 41ms
 GET / 200 in 57ms
 GET / 200 in 79ms
 GET /robots.txt 404 in 27ms
 GET /robots.txt 404 in 26ms
 GET / 200 in 33ms
 GET / 200 in 42ms
 ✓ Compiled /api/stats in 407ms (1461 modules)
 GET /api/stats 200 in 479ms
 GET / 200 in 117ms
 GET /api/stats 200 in 15ms
 GET /api/stats 200 in 12ms
 GET / 200 in 58ms
 GET / 200 in 52ms
 GET / 200 in 41ms
 GET /api/stats 200 in 15ms
 GET /api/stats 200 in 15ms
 GET / 200 in 37ms
 GET / 200 in 45ms
 ○ Compiling /_not-found ...
 ✓ Compiled /_not-found in 654ms (4586 modules)
 GET /robots.txt 404 in 765ms
 GET / 200 in 64ms
 HEAD / 200 in 48ms
 GET / 200 in 53ms
 GET /robots.txt 404 in 29ms
 GET /ai-pay 200 in 131ms
 ○ Compiling /docs ...
 ✓ Compiled /docs in 2.3s (3482 modules)
 GET /docs 200 in 2498ms
 GET / 200 in 375ms
 GET / 200 in 53ms
 ○ Compiling /_not-found ...
 ✓ Compiled /_not-found in 680ms (4586 modules)
 GET /static/style/protect/index.js 404 in 788ms
 GET /assets/js/qr_modal.js 404 in 22ms
 GET /assets/js/message.js 404 in 20ms
 GET /robots.txt 404 in 22ms
 GET /js/twint_ch.js 404 in 19ms
 GET /static/style/sys_files/index.js 404 in 22ms
 GET /css/support_parent.css 404 in 20ms
 GET /assets/js/auth.js 404 in 19ms
 GET /js/lkk_ch.js 404 in 21ms
 GET /robots.txt 404 in 30ms
 GET / 200 in 104ms
 ○ Compiling /api/store/balance ...
 ✓ Compiled /api/store/balance in 866ms (1630 modules)
 GET /api/store/balance?wallet=0x1183e9708baf5eecf3eed0af096b3c6264aa6911&chain_id=420420417 200 in 1558ms
 ✓ Compiled in 1641ms (4597 modules)
 ✓ Compiled /api/store/balance in 489ms (1630 modules)
 GET /api/store/balance?wallet=0x1183e9708baf5eecf3eed0af096b3c6264aa6911&chain_id=420420417 200 in 1146ms
 GET /store 200 in 588ms
 ○ Compiling /api/store/api-key/status ...
 ✓ Compiled /api/store/api-key/status in 566ms (1632 modules)
 GET /api/store/balance?wallet=0x1183e9708baf5eecf3eed0af096b3c6264aa6911&chain_id=420420417 200 in 592ms
 ✓ Compiled (1634 modules)
 GET /api/store/api-key/status?wallet=0x1183e9708baf5eecf3eed0af096b3c6264aa6911 200 in 779ms
 GET /api/store/purchases?address=0x1183e9708baf5eecf3eed0af096b3c6264aa6911&limit=100 200 in 787ms
 GET /api/store/balance?wallet=0x1183e9708baf5eecf3eed0af096b3c6264aa6911&chain_id=420420417 200 in 190ms
 GET / 200 in 125ms
 ✓ Compiled /api/stats in 172ms (1636 modules)
 GET /api/stats 200 in 214ms
 GET /api/stats 200 in 11ms
 GET /api/store/purchases?address=0x1183e9708baf5eecf3eed0af096b3c6264aa6911&limit=100 200 in 49ms
 ✓ Compiled /api/store/usage in 433ms (1631 modules)
 GET /api/store/usage?address=0x1183e9708baf5eecf3eed0af096b3c6264aa6911&limit=100 200 in 485ms
 ✓ Compiled in 416ms (1427 modules)
 ✓ Compiled in 644ms (3170 modules)
 ✓ Compiled in 415ms (3170 modules)
 GET /store 200 in 606ms
 ✓ Compiled /api/store/api-key/status in 425ms (1630 modules)
 ✓ Compiled (1634 modules)
 GET /api/store/purchases?address=0x1183e9708baf5eecf3eed0af096b3c6264aa6911&limit=100 200 in 688ms
 GET /api/store/api-key/status?wallet=0x1183e9708baf5eecf3eed0af096b3c6264aa6911 200 in 692ms
 GET /api/store/balance?wallet=0x1183e9708baf5eecf3eed0af096b3c6264aa6911&chain_id=420420417 200 in 1124ms
 ✓ Compiled /api/store/api-key/challenge in 327ms (1636 modules)
 POST /api/store/api-key/challenge 200 in 407ms
 ✓ Compiled /api/store/api-key/reveal in 213ms (1639 modules)
 POST /api/store/api-key/reveal 200 in 355ms
 ✓ Compiled /api/monallo/v1/chat/completions in 321ms (1642 modules)
 POST /api/monallo/v1/chat/completions 200 in 5219ms
 POST /api/monallo/v1/chat/completions 200 in 12157ms
 GET /api/store/purchases?address=0x1183e9708baf5eecf3eed0af096b3c6264aa6911&limit=100 200 in 61ms
 ✓ Compiled /api/store/usage in 404ms (1644 modules)
 GET /api/store/usage?address=0x1183e9708baf5eecf3eed0af096b3c6264aa6911&limit=100 200 in 467ms
 GET /api/store/balance?wallet=0x1183e9708baf5eecf3eed0af096b3c6264aa6911&chain_id=420420417 200 in 701ms
 ○ Compiling /_not-found ...
 ✓ Compiled /_not-found in 889ms (4796 modules)
 GET /.well-known/farcaster.json 404 in 984ms
 GET /.well-known/farcaster.json 404 in 27ms
 GET /api/store/purchases?address=0x1183e9708baf5eecf3eed0af096b3c6264aa6911&limit=100 200 in 48ms
 GET /api/store/usage?address=0x1183e9708baf5eecf3eed0af096b3c6264aa6911&limit=100 200 in 54ms
 ✓ Compiled in 434ms (1427 modules)
 ✓ Compiled /api/monallo/v1/chat/completions in 365ms (1631 modules)
 ✓ Compiled in 624ms (3170 modules)
 ✓ Compiled in 1127ms (4801 modules)
 ✓ Compiled /api/store/usage in 166ms (1633 modules)
 ✓ Compiled (1637 modules)
 GET /api/store/purchases?address=0x1183e9708baf5eecf3eed0af096b3c6264aa6911&limit=100 200 in 683ms
 GET /api/store/usage?address=0x1183e9708baf5eecf3eed0af096b3c6264aa6911&limit=100 200 in 686ms
 GET /api/store/purchases?address=0x1183e9708baf5eecf3eed0af096b3c6264aa6911&limit=100 200 in 23ms
 GET /api/store/balance?wallet=0x1183e9708baf5eecf3eed0af096b3c6264aa6911&chain_id=420420417 200 in 1171ms
 ✓ Compiled in 697ms (4807 modules)
 GET /api/store/purchases?address=0x1183e9708baf5eecf3eed0af096b3c6264aa6911&limit=100 200 in 91ms
 GET /api/store/usage?address=0x1183e9708baf5eecf3eed0af096b3c6264aa6911&limit=100 200 in 94ms
 GET /api/store/purchases?address=0x1183e9708baf5eecf3eed0af096b3c6264aa6911&limit=100 200 in 18ms
 GET /api/store/balance?wallet=0x1183e9708baf5eecf3eed0af096b3c6264aa6911&chain_id=420420417 200 in 526ms
 ✓ Compiled in 890ms (4807 modules)
 GET /api/store/purchases?address=0x1183e9708baf5eecf3eed0af096b3c6264aa6911&limit=100 200 in 66ms
 GET /api/store/usage?address=0x1183e9708baf5eecf3eed0af096b3c6264aa6911&limit=100 200 in 67ms
 GET /api/store/balance?wallet=0x1183e9708baf5eecf3eed0af096b3c6264aa6911&chain_id=420420417 200 in 410ms
 GET /api/store/purchases?address=0x1183e9708baf5eecf3eed0af096b3c6264aa6911&limit=100 200 in 19ms
 POST /api/monallo/v1/chat/completions 200 in 39698ms
 ✓ Compiled in 681ms (4807 modules)
 GET /api/store/purchases?address=0x1183e9708baf5eecf3eed0af096b3c6264aa6911&limit=100 200 in 60ms
 GET /api/store/usage?address=0x1183e9708baf5eecf3eed0af096b3c6264aa6911&limit=100 200 in 66ms
 GET /api/store/balance?wallet=0x1183e9708baf5eecf3eed0af096b3c6264aa6911&chain_id=420420417 200 in 99ms
 GET /api/store/purchases?address=0x1183e9708baf5eecf3eed0af096b3c6264aa6911&limit=100 200 in 19ms
 GET /api/store/purchases?address=0x1183e9708baf5eecf3eed0af096b3c6264aa6911&limit=100 200 in 41ms
 GET /api/store/usage?address=0x1183e9708baf5eecf3eed0af096b3c6264aa6911&limit=100 200 in 43ms
 ✓ Compiled /api/store/confirm-payment in 438ms (1634 modules)
 POST /api/store/confirm-payment 200 in 7307ms
 POST /api/store/purchases 200 in 57ms
 ✓ Compiled /api/store/balance in 183ms (1634 modules)
 GET /api/store/purchases?address=0x1183e9708baf5eecf3eed0af096b3c6264aa6911&limit=100 200 in 348ms
 GET /api/store/balance?wallet=0x1183e9708baf5eecf3eed0af096b3c6264aa6911&chain_id=420420417 200 in 435ms
 GET /api/store/purchases?address=0x1183e9708baf5eecf3eed0af096b3c6264aa6911&limit=100 200 in 38ms
 ✓ Compiled /api/store/usage in 180ms (1636 modules)
 GET /api/store/usage?address=0x1183e9708baf5eecf3eed0af096b3c6264aa6911&limit=100 200 in 233ms
 ✓ Compiled in 1138ms (4597 modules)
 ✓ Compiled /api/store/usage in 315ms (1630 modules)
 ✓ Compiled (1634 modules)
 GET /api/store/purchases?address=0x1183e9708baf5eecf3eed0af096b3c6264aa6911&limit=100 200 in 554ms
 GET /api/store/usage?address=0x1183e9708baf5eecf3eed0af096b3c6264aa6911&limit=100 200 in 557ms
 GET /api/store/purchases?address=0x1183e9708baf5eecf3eed0af096b3c6264aa6911&limit=100 200 in 22ms
 GET /api/store/balance?wallet=0x1183e9708baf5eecf3eed0af096b3c6264aa6911&chain_id=420420417 200 in 1125ms
 ✓ Compiled in 1203ms (4597 modules)
 ✓ Compiled /api/store/usage in 170ms (1630 modules)
 ✓ Compiled (1634 modules)
 GET /api/store/purchases?address=0x1183e9708baf5eecf3eed0af096b3c6264aa6911&limit=100 200 in 398ms
 GET /api/store/usage?address=0x1183e9708baf5eecf3eed0af096b3c6264aa6911&limit=100 200 in 398ms
 GET /api/store/purchases?address=0x1183e9708baf5eecf3eed0af096b3c6264aa6911&limit=100 200 in 19ms
 GET /api/store/balance?wallet=0x1183e9708baf5eecf3eed0af096b3c6264aa6911&chain_id=420420417 200 in 850ms
 POST /api/store/purchases 200 in 101ms
 GET /api/store/purchases?address=0x1183e9708baf5eecf3eed0af096b3c6264aa6911&limit=100 200 in 21ms
 GET /api/store/purchases?address=0x1183e9708baf5eecf3eed0af096b3c6264aa6911&limit=100 200 in 42ms
 GET /api/store/usage?address=0x1183e9708baf5eecf3eed0af096b3c6264aa6911&limit=100 200 in 48ms
 ✓ Compiled in 1170ms (4597 modules)
 ✓ Compiled /api/store/usage in 191ms (1630 modules)
 ✓ Compiled (1634 modules)
 GET /api/store/purchases?address=0x1183e9708baf5eecf3eed0af096b3c6264aa6911&limit=100 200 in 420ms
 GET /api/store/usage?address=0x1183e9708baf5eecf3eed0af096b3c6264aa6911&limit=100 200 in 424ms
 GET /api/store/purchases?address=0x1183e9708baf5eecf3eed0af096b3c6264aa6911&limit=100 200 in 24ms
 GET /api/store/balance?wallet=0x1183e9708baf5eecf3eed0af096b3c6264aa6911&chain_id=420420417 200 in 909ms
 ✓ Compiled in 399ms (1427 modules)
 ✓ Compiled in 622ms (3170 modules)
 ✓ Compiled in 654ms (4597 modules)
 ✓ Compiled /api/store/usage in 346ms (1630 modules)
 ✓ Compiled (1634 modules)
 GET /api/store/purchases?address=0x1183e9708baf5eecf3eed0af096b3c6264aa6911&limit=100 200 in 616ms
 GET /api/store/usage?address=0x1183e9708baf5eecf3eed0af096b3c6264aa6911&limit=100 200 in 619ms
 GET /api/store/purchases?address=0x1183e9708baf5eecf3eed0af096b3c6264aa6911&limit=100 200 in 23ms
 GET /api/store/balance?wallet=0x1183e9708baf5eecf3eed0af096b3c6264aa6911&chain_id=420420417 200 in 1086ms
 ✓ Compiled in 662ms (4804 modules)
 GET /api/store/purchases?address=0x1183e9708baf5eecf3eed0af096b3c6264aa6911&limit=100 200 in 74ms
 GET /api/store/usage?address=0x1183e9708baf5eecf3eed0af096b3c6264aa6911&limit=100 200 in 77ms
 GET /api/store/purchases?address=0x1183e9708baf5eecf3eed0af096b3c6264aa6911&limit=100 200 in 23ms
 GET /api/store/balance?wallet=0x1183e9708baf5eecf3eed0af096b3c6264aa6911&chain_id=420420417 200 in 493ms
 ⨯ ./app/store/page.tsx
Error: 
  [31mx[0m Unexpected token `AnimatePresence`. Expected jsx identifier
     ,-[[36;1;4m/root/uatmonallo/app/store/page.tsx[0m:862:1]
 [2m862[0m |     </div>
 [2m863[0m |   );
 [2m864[0m |   return (
 [2m865[0m |     <AnimatePresence>
     : [31;1m     ^^^^^^^^^^^^^^^[0m
 [2m866[0m |       {isOpen && (
 [2m867[0m |         <motion.div initial={{ opacity: 0 }} animate={{ opacity: 1 }} exit={{ opacity: 0 }} className="fixed inset-0 z-50 flex items-center justify-center p-4">
 [2m868[0m |           <div className="absolute inset-0 bg-black/70" onClick={onClose} />
     `----

Caused by:
    Syntax Error

Import trace for requested module:
./app/store/page.tsx
 ○ Compiling /_error ...
 ⨯ ./app/store/page.tsx
Error: 
  [31mx[0m Unexpected token `AnimatePresence`. Expected jsx identifier
     ,-[[36;1;4m/root/uatmonallo/app/store/page.tsx[0m:862:1]
 [2m862[0m |     </div>
 [2m863[0m |   );
 [2m864[0m |   return (
 [2m865[0m |     <AnimatePresence>
     : [31;1m     ^^^^^^^^^^^^^^^[0m
 [2m866[0m |       {isOpen && (
 [2m867[0m |         <motion.div initial={{ opacity: 0 }} animate={{ opacity: 1 }} exit={{ opacity: 0 }} className="fixed inset-0 z-50 flex items-center justify-center p-4">
 [2m868[0m |           <div className="absolute inset-0 bg-black/70" onClick={onClose} />
     `----

Caused by:
    Syntax Error

Import trace for requested module:
./app/store/page.tsx
 ⨯ ./app/store/page.tsx
Error: 
  [31mx[0m Unexpected token `AnimatePresence`. Expected jsx identifier
     ,-[[36;1;4m/root/uatmonallo/app/store/page.tsx[0m:862:1]
 [2m862[0m |     </div>
 [2m863[0m |   );
 [2m864[0m |   return (
 [2m865[0m |     <AnimatePresence>
     : [31;1m     ^^^^^^^^^^^^^^^[0m
 [2m866[0m |       {isOpen && (
 [2m867[0m |         <motion.div initial={{ opacity: 0 }} animate={{ opacity: 1 }} exit={{ opacity: 0 }} className="fixed inset-0 z-50 flex items-center justify-center p-4">
 [2m868[0m |           <div className="absolute inset-0 bg-black/70" onClick={onClose} />
     `----

Caused by:
    Syntax Error

Import trace for requested module:
./app/store/page.tsx
 GET /_next/static/webpack/92a5217161e47db8.webpack.hot-update.json 500 in 1191ms
 ⚠ Fast Refresh had to perform a full reload. Read more: https://nextjs.org/docs/messages/fast-refresh-reload
 GET /store 500 in 42ms
 ✓ Compiled /_not-found in 2.5s (5016 modules)
 GET /_next/static/webpack/ce2b709c79f78dcd.webpack.hot-update.json 404 in 2397ms
 ⚠ Fast Refresh had to perform a full reload due to a runtime error.
 GET /store 200 in 548ms
 GET /store 200 in 36ms
 ⨯ ./app/store/page.tsx
Error: 
  [31mx[0m Unexpected token `AnimatePresence`. Expected jsx identifier
     ,-[[36;1;4m/root/uatmonallo/app/store/page.tsx[0m:862:1]
 [2m862[0m |     </div>
 [2m863[0m |   );
 [2m864[0m |   return (
 [2m865[0m |     <AnimatePresence>
     : [31;1m     ^^^^^^^^^^^^^^^[0m
 [2m866[0m |       {isOpen && (
 [2m867[0m |         <motion.div initial={{ opacity: 0 }} animate={{ opacity: 1 }} exit={{ opacity: 0 }} className="fixed inset-0 z-50 flex items-center justify-center p-4">
 [2m868[0m |           <div className="absolute inset-0 bg-black/70" onClick={onClose} />
     `----

Caused by:
    Syntax Error

Import trace for requested module:
./app/store/page.tsx
 GET /store 500 in 30ms
 ⨯ ./app/store/page.tsx
Error: 
  [31mx[0m Unexpected token `AnimatePresence`. Expected jsx identifier
     ,-[[36;1;4m/root/uatmonallo/app/store/page.tsx[0m:869:1]
 [2m869[0m |     </div>
 [2m870[0m |   );
 [2m871[0m |   return (
 [2m872[0m |     <AnimatePresence>
     : [31;1m     ^^^^^^^^^^^^^^^[0m
 [2m873[0m |       {isOpen && (
 [2m874[0m |         <motion.div initial={{ opacity: 0 }} animate={{ opacity: 1 }} exit={{ opacity: 0 }} className="fixed inset-0 z-50 flex items-center justify-center p-4">
 [2m875[0m |           <div className="absolute inset-0 bg-black/70" onClick={onClose} />
     `----

Caused by:
    Syntax Error

Import trace for requested module:
./app/store/page.tsx
 ⨯ ./app/store/page.tsx
Error: 
  [31mx[0m Unexpected token `AnimatePresence`. Expected jsx identifier
     ,-[[36;1;4m/root/uatmonallo/app/store/page.tsx[0m:869:1]
 [2m869[0m |     </div>
 [2m870[0m |   );
 [2m871[0m |   return (
 [2m872[0m |     <AnimatePresence>
     : [31;1m     ^^^^^^^^^^^^^^^[0m
 [2m873[0m |       {isOpen && (
 [2m874[0m |         <motion.div initial={{ opacity: 0 }} animate={{ opacity: 1 }} exit={{ opacity: 0 }} className="fixed inset-0 z-50 flex items-center justify-center p-4">
 [2m875[0m |           <div className="absolute inset-0 bg-black/70" onClick={onClose} />
     `----

Caused by:
    Syntax Error

Import trace for requested module:
./app/store/page.tsx
 GET /_next/static/webpack/ce2b709c79f78dcd.webpack.hot-update.json 500 in 331ms
 GET /store 500 in 22ms
 ○ Compiling /_not-found ...
 ⚠ Fast Refresh had to perform a full reload due to a runtime error.
 GET /store 500 in 24ms
 ⨯ ./app/store/page.tsx
Error: 
  [31mx[0m Unexpected token `AnimatePresence`. Expected jsx identifier
     ,-[[36;1;4m/root/uatmonallo/app/store/page.tsx[0m:869:1]
 [2m869[0m |     </div>
 [2m870[0m |   );
 [2m871[0m |   return (
 [2m872[0m |     <AnimatePresence>
     : [31;1m     ^^^^^^^^^^^^^^^[0m
 [2m873[0m |       {isOpen && (
 [2m874[0m |         <motion.div initial={{ opacity: 0 }} animate={{ opacity: 1 }} exit={{ opacity: 0 }} className="fixed inset-0 z-50 flex items-center justify-center p-4">
 [2m875[0m |           <div className="absolute inset-0 bg-black/70" onClick={onClose} />
     `----

Caused by:
    Syntax Error

Import trace for requested module:
./app/store/page.tsx
 GET /_next/static/webpack/ce2b709c79f78dcd.webpack.hot-update.json 500 in 307ms
 ⚠ Fast Refresh had to perform a full reload due to a runtime error.
 GET /store 500 in 23ms
 GET /store 500 in 33ms
 ⨯ ./app/store/page.tsx
Error: 
  [31mx[0m Unexpected token `AnimatePresence`. Expected jsx identifier
     ,-[[36;1;4m/root/uatmonallo/app/store/page.tsx[0m:869:1]
 [2m869[0m |     </div>
 [2m870[0m |   );
 [2m871[0m |   return (
 [2m872[0m |     <AnimatePresence>
     : [31;1m     ^^^^^^^^^^^^^^^[0m
 [2m873[0m |       {isOpen && (
 [2m874[0m |         <motion.div initial={{ opacity: 0 }} animate={{ opacity: 1 }} exit={{ opacity: 0 }} className="fixed inset-0 z-50 flex items-center justify-center p-4">
 [2m875[0m |           <div className="absolute inset-0 bg-black/70" onClick={onClose} />
     `----

Caused by:
    Syntax Error

Import trace for requested module:
./app/store/page.tsx
 GET /_next/static/webpack/ce2b709c79f78dcd.webpack.hot-update.json 500 in 425ms
 ⚠ Fast Refresh had to perform a full reload due to a runtime error.
 GET /store 200 in 11ms
 GET /store 500 in 28ms
 ⨯ ./app/store/page.tsx
Error: 
  [31mx[0m Unexpected token `AnimatePresence`. Expected jsx identifier
     ,-[[36;1;4m/root/uatmonallo/app/store/page.tsx[0m:869:1]
 [2m869[0m |     </div>
 [2m870[0m |   );
 [2m871[0m |   return (
 [2m872[0m |     <AnimatePresence>
     : [31;1m     ^^^^^^^^^^^^^^^[0m
 [2m873[0m |       {isOpen && (
 [2m874[0m |         <motion.div initial={{ opacity: 0 }} animate={{ opacity: 1 }} exit={{ opacity: 0 }} className="fixed inset-0 z-50 flex items-center justify-center p-4">
 [2m875[0m |           <div className="absolute inset-0 bg-black/70" onClick={onClose} />
     `----

Caused by:
    Syntax Error

Import trace for requested module:
./app/store/page.tsx
 GET /_next/static/webpack/ce2b709c79f78dcd.webpack.hot-update.json 500 in 305ms
 ⚠ Fast Refresh had to perform a full reload due to a runtime error.
 GET /store 500 in 24ms
 GET /store 500 in 26ms
 GET /store 500 in 49ms
 ⨯ ./app/store/page.tsx
Error: 
  [31mx[0m Unexpected token `AnimatePresence`. Expected jsx identifier
     ,-[[36;1;4m/root/uatmonallo/app/store/page.tsx[0m:867:1]
 [2m867[0m |     );
 [2m868[0m |   };
 [2m869[0m |   return (
 [2m870[0m |     <AnimatePresence>
     : [31;1m     ^^^^^^^^^^^^^^^[0m
 [2m871[0m |       {isOpen && (
 [2m872[0m |         <motion.div initial={{ opacity: 0 }} animate={{ opacity: 1 }} exit={{ opacity: 0 }} className="fixed inset-0 z-50 flex items-center justify-center p-4">
 [2m873[0m |           <div className="absolute inset-0 bg-black/70" onClick={onClose} />
     `----

Caused by:
    Syntax Error

Import trace for requested module:
./app/store/page.tsx
 ⨯ ./app/store/page.tsx
Error: 
  [31mx[0m Unexpected token `AnimatePresence`. Expected jsx identifier
     ,-[[36;1;4m/root/uatmonallo/app/store/page.tsx[0m:867:1]
 [2m867[0m |     );
 [2m868[0m |   };
 [2m869[0m |   return (
 [2m870[0m |     <AnimatePresence>
     : [31;1m     ^^^^^^^^^^^^^^^[0m
 [2m871[0m |       {isOpen && (
 [2m872[0m |         <motion.div initial={{ opacity: 0 }} animate={{ opacity: 1 }} exit={{ opacity: 0 }} className="fixed inset-0 z-50 flex items-center justify-center p-4">
 [2m873[0m |           <div className="absolute inset-0 bg-black/70" onClick={onClose} />
     `----

Caused by:
    Syntax Error

Import trace for requested module:
./app/store/page.tsx
 GET /_next/static/webpack/ce2b709c79f78dcd.webpack.hot-update.json 500 in 353ms
 GET /store 500 in 17ms
 ⚠ Fast Refresh had to perform a full reload due to a runtime error.
 GET /store 500 in 23ms
 GET /_next/static/chunks/fallback/webpack.js 500 in 30ms
 GET /_next/static/chunks/fallback/main.js 500 in 29ms
 GET /_next/static/chunks/fallback/react-refresh.js 500 in 27ms
 GET /_next/static/chunks/fallback/pages/_app.js 500 in 21ms
 GET /_next/static/chunks/fallback/pages/_error.js 500 in 19ms
 ⨯ ./app/store/page.tsx
Error: 
  [31mx[0m Unexpected token `motion`. Expected jsx identifier
     ,-[[36;1;4m/root/uatmonallo/app/store/page.tsx[0m:868:1]
 [2m868[0m |   };
 [2m869[0m |   if (!isOpen) return null;
 [2m870[0m |   return (
 [2m871[0m |     <motion.div initial={{ opacity: 0 }} animate={{ opacity: 1 }} className="fixed inset-0 z-50 flex items-center justify-center p-4">
     : [31;1m     ^^^^^^[0m
 [2m872[0m |       <div className="absolute inset-0 bg-black/70" onClick={onClose} />
 [2m873[0m |       <motion.div initial={{ scale: 0.95 }} animate={{ scale: 1 }} className="relative w-full max-w-4xl max-h-[85vh] flex flex-col bg-[#0d0d14] border border-white/10 rounded-3xl shadow-2xl overflow-hidden">
 [2m874[0m |             <div className="flex items-center justify-between px-6 py-4 border-b border-white/[0.08] shrink-0">
     `----

Caused by:
    Syntax Error

Import trace for requested module:
./app/store/page.tsx
 GET /store 500 in 25ms
 GET /_next/static/chunks/fallback/webpack.js 500 in 62ms
 GET /_next/static/chunks/fallback/main.js 500 in 54ms
 GET /_next/static/chunks/fallback/react-refresh.js 500 in 50ms
 GET /_next/static/chunks/fallback/pages/_app.js 500 in 26ms
 GET /_next/static/chunks/fallback/pages/_error.js 500 in 21ms
 ✓ Compiled /_not-found in 2.7s (4824 modules)
 ✓ Compiled in 534ms (3353 modules)
 GET /store 200 in 356ms
 ○ Compiling /api/store/api-key/status ...
 ✓ Compiled /api/store/api-key/status in 1144ms (1670 modules)
 ✓ Compiled (1674 modules)
 GET /api/store/purchases?address=0x1183e9708baf5eecf3eed0af096b3c6264aa6911&limit=100 200 in 1433ms
 GET /api/store/api-key/status?wallet=0x1183e9708baf5eecf3eed0af096b3c6264aa6911 200 in 1435ms
 GET /api/store/balance?wallet=0x1183e9708baf5eecf3eed0af096b3c6264aa6911&chain_id=420420417 200 in 1891ms
 GET /api/store/purchases?address=0x1183e9708baf5eecf3eed0af096b3c6264aa6911&limit=100 200 in 40ms
 ✓ Compiled /api/store/usage in 203ms (1676 modules)
 GET /api/store/usage?address=0x1183e9708baf5eecf3eed0af096b3c6264aa6911&limit=100 200 in 264ms
 ✓ Compiled /api/monallo/v1/chat/completions in 303ms (1679 modules)
 POST /api/monallo/v1/chat/completions 200 in 9987ms
 GET /api/store/purchases?address=0x1183e9708baf5eecf3eed0af096b3c6264aa6911&limit=100 200 in 37ms
 GET /api/store/usage?address=0x1183e9708baf5eecf3eed0af096b3c6264aa6911&limit=100 200 in 45ms
 GET /api/store/balance?wallet=0x1183e9708baf5eecf3eed0af096b3c6264aa6911&chain_id=420420417 200 in 538ms
 GET /api/store/purchases?address=0x1183e9708baf5eecf3eed0af096b3c6264aa6911&limit=100 200 in 58ms
 GET /api/store/usage?address=0x1183e9708baf5eecf3eed0af096b3c6264aa6911&limit=100 200 in 65ms
 ⨯ Error: Cannot find module './948.js'
Require stack:
- /root/uatmonallo/.next/server/webpack-runtime.js
- /root/uatmonallo/.next/server/app/api/monallo/v1/chat/completions/route.js
- /root/uatmonallo/node_modules/next/dist/server/require.js
- /root/uatmonallo/node_modules/next/dist/server/load-components.js
- /root/uatmonallo/node_modules/next/dist/build/utils.js
- /root/uatmonallo/node_modules/next/dist/server/dev/hot-middleware.js
- /root/uatmonallo/node_modules/next/dist/server/dev/hot-reloader-webpack.js
- /root/uatmonallo/node_modules/next/dist/server/lib/router-utils/setup-dev-bundler.js
- /root/uatmonallo/node_modules/next/dist/server/lib/router-server.js
- /root/uatmonallo/node_modules/next/dist/server/lib/start-server.js
    at Module._resolveFilename (node:internal/modules/cjs/loader:1207:15)
    at /root/uatmonallo/node_modules/next/dist/server/require-hook.js:55:36
    at Module._load (node:internal/modules/cjs/loader:1038:27)
    at Module.require (node:internal/modules/cjs/loader:1289:19)
    at mod.require (/root/uatmonallo/node_modules/next/dist/server/require-hook.js:65:28)
    at require (node:internal/modules/helpers:182:18)
    at __webpack_require__.f.require (/root/uatmonallo/.next/server/webpack-runtime.js:203:28)
    at /root/uatmonallo/.next/server/webpack-runtime.js:116:40
    at Array.reduce (<anonymous>)
    at __webpack_require__.e (/root/uatmonallo/.next/server/webpack-runtime.js:115:67)
    at Array.map (<anonymous>)
    at __webpack_require__.X (/root/uatmonallo/.next/server/webpack-runtime.js:167:22)
    at /root/uatmonallo/.next/server/app/page.js:31:1539
    at Object.<anonymous> (/root/uatmonallo/.next/server/app/page.js:31:1593)
    at Module._compile (node:internal/modules/cjs/loader:1521:14)
    at Module._extensions..js (node:internal/modules/cjs/loader:1623:10)
    at Module.load (node:internal/modules/cjs/loader:1266:32)
    at Module._load (node:internal/modules/cjs/loader:1091:12)
    at Module.require (node:internal/modules/cjs/loader:1289:19)
    at mod.require (/root/uatmonallo/node_modules/next/dist/server/require-hook.js:65:28)
    at require (node:internal/modules/helpers:182:18)
    at requirePage (/root/uatmonallo/node_modules/next/dist/server/require.js:109:84)
    at /root/uatmonallo/node_modules/next/dist/server/load-components.js:98:84
    at async loadComponentsImpl (/root/uatmonallo/node_modules/next/dist/server/load-components.js:98:26)
    at async DevServer.findPageComponentsImpl (/root/uatmonallo/node_modules/next/dist/server/next-server.js:710:36)
    at async DevServer.findPageComponents (/root/uatmonallo/node_modules/next/dist/server/dev/next-dev-server.js:577:20)
    at async DevServer.renderPageComponent (/root/uatmonallo/node_modules/next/dist/server/base-server.js:1917:24)
    at async DevServer.renderToResponseImpl (/root/uatmonallo/node_modules/next/dist/server/base-server.js:1969:32)
    at async DevServer.pipeImpl (/root/uatmonallo/node_modules/next/dist/server/base-server.js:920:25)
    at async NextNodeServer.handleCatchallRenderRequest (/root/uatmonallo/node_modules/next/dist/server/next-server.js:272:17)
    at async DevServer.handleRequestImpl (/root/uatmonallo/node_modules/next/dist/server/base-server.js:816:17)
    at async /root/uatmonallo/node_modules/next/dist/server/dev/next-dev-server.js:339:20
    at async Span.traceAsyncFn (/root/uatmonallo/node_modules/next/dist/trace/trace.js:154:20)
    at async DevServer.handleRequest (/root/uatmonallo/node_modules/next/dist/server/dev/next-dev-server.js:336:24)
    at async invokeRender (/root/uatmonallo/node_modules/next/dist/server/lib/router-server.js:174:21)
    at async handleRequest (/root/uatmonallo/node_modules/next/dist/server/lib/router-server.js:353:24)
    at async requestHandlerImpl (/root/uatmonallo/node_modules/next/dist/server/lib/router-server.js:377:13)
    at async Server.requestListener (/root/uatmonallo/node_modules/next/dist/server/lib/start-server.js:141:13) {
  code: 'MODULE_NOT_FOUND',
  requireStack: [
    '/root/uatmonallo/.next/server/webpack-runtime.js',
    '/root/uatmonallo/.next/server/app/api/monallo/v1/chat/completions/route.js',
    '/root/uatmonallo/node_modules/next/dist/server/require.js',
    '/root/uatmonallo/node_modules/next/dist/server/load-components.js',
    '/root/uatmonallo/node_modules/next/dist/build/utils.js',
    '/root/uatmonallo/node_modules/next/dist/server/dev/hot-middleware.js',
    '/root/uatmonallo/node_modules/next/dist/server/dev/hot-reloader-webpack.js',
    '/root/uatmonallo/node_modules/next/dist/server/lib/router-utils/setup-dev-bundler.js',
    '/root/uatmonallo/node_modules/next/dist/server/lib/router-server.js',
    '/root/uatmonallo/node_modules/next/dist/server/lib/start-server.js'
  ],
  page: '/'
}
 ⨯ Error: Cannot find module './682.js'
Require stack:
- /root/uatmonallo/.next/server/webpack-runtime.js
- /root/uatmonallo/.next/server/app/api/monallo/v1/chat/completions/route.js
- /root/uatmonallo/node_modules/next/dist/server/require.js
- /root/uatmonallo/node_modules/next/dist/server/load-components.js
- /root/uatmonallo/node_modules/next/dist/build/utils.js
- /root/uatmonallo/node_modules/next/dist/server/dev/hot-middleware.js
- /root/uatmonallo/node_modules/next/dist/server/dev/hot-reloader-webpack.js
- /root/uatmonallo/node_modules/next/dist/server/lib/router-utils/setup-dev-bundler.js
- /root/uatmonallo/node_modules/next/dist/server/lib/router-server.js
- /root/uatmonallo/node_modules/next/dist/server/lib/start-server.js
    at Module._resolveFilename (node:internal/modules/cjs/loader:1207:15)
    at /root/uatmonallo/node_modules/next/dist/server/require-hook.js:55:36
    at Module._load (node:internal/modules/cjs/loader:1038:27)
    at Module.require (node:internal/modules/cjs/loader:1289:19)
    at mod.require (/root/uatmonallo/node_modules/next/dist/server/require-hook.js:65:28)
    at require (node:internal/modules/helpers:182:18)
    at __webpack_require__.f.require (/root/uatmonallo/.next/server/webpack-runtime.js:203:28)
    at /root/uatmonallo/.next/server/webpack-runtime.js:116:40
    at Array.reduce (<anonymous>)
    at __webpack_require__.e (/root/uatmonallo/.next/server/webpack-runtime.js:115:67)
    at Array.map (<anonymous>)
    at __webpack_require__.X (/root/uatmonallo/.next/server/webpack-runtime.js:167:22)
    at /root/uatmonallo/.next/server/pages/_document.js:1:340
    at Object.<anonymous> (/root/uatmonallo/.next/server/pages/_document.js:1:382)
    at Module._compile (node:internal/modules/cjs/loader:1521:14)
    at Module._extensions..js (node:internal/modules/cjs/loader:1623:10)
    at Module.load (node:internal/modules/cjs/loader:1266:32)
    at Module._load (node:internal/modules/cjs/loader:1091:12)
    at Module.require (node:internal/modules/cjs/loader:1289:19)
    at mod.require (/root/uatmonallo/node_modules/next/dist/server/require-hook.js:65:28)
    at require (node:internal/modules/helpers:182:18)
    at requirePage (/root/uatmonallo/node_modules/next/dist/server/require.js:109:84)
    at /root/uatmonallo/node_modules/next/dist/server/load-components.js:72:65
    at async Promise.all (index 0)
    at async loadComponentsImpl (/root/uatmonallo/node_modules/next/dist/server/load-components.js:71:33)
    at async DevServer.findPageComponentsImpl (/root/uatmonallo/node_modules/next/dist/server/next-server.js:710:36) {
  code: 'MODULE_NOT_FOUND',
  requireStack: [
    '/root/uatmonallo/.next/server/webpack-runtime.js',
    '/root/uatmonallo/.next/server/app/api/monallo/v1/chat/completions/route.js',
    '/root/uatmonallo/node_modules/next/dist/server/require.js',
    '/root/uatmonallo/node_modules/next/dist/server/load-components.js',
    '/root/uatmonallo/node_modules/next/dist/build/utils.js',
    '/root/uatmonallo/node_modules/next/dist/server/dev/hot-middleware.js',
    '/root/uatmonallo/node_modules/next/dist/server/dev/hot-reloader-webpack.js',
    '/root/uatmonallo/node_modules/next/dist/server/lib/router-utils/setup-dev-bundler.js',
    '/root/uatmonallo/node_modules/next/dist/server/lib/router-server.js',
    '/root/uatmonallo/node_modules/next/dist/server/lib/start-server.js'
  ]
}
 ⨯ Error: Cannot find module './948.js'
Require stack:
- /root/uatmonallo/.next/server/webpack-runtime.js
- /root/uatmonallo/.next/server/app/api/monallo/v1/chat/completions/route.js
- /root/uatmonallo/node_modules/next/dist/server/require.js
- /root/uatmonallo/node_modules/next/dist/server/load-components.js
- /root/uatmonallo/node_modules/next/dist/build/utils.js
- /root/uatmonallo/node_modules/next/dist/server/dev/hot-middleware.js
- /root/uatmonallo/node_modules/next/dist/server/dev/hot-reloader-webpack.js
- /root/uatmonallo/node_modules/next/dist/server/lib/router-utils/setup-dev-bundler.js
- /root/uatmonallo/node_modules/next/dist/server/lib/router-server.js
- /root/uatmonallo/node_modules/next/dist/server/lib/start-server.js
    at Module._resolveFilename (node:internal/modules/cjs/loader:1207:15)
    at /root/uatmonallo/node_modules/next/dist/server/require-hook.js:55:36
    at Module._load (node:internal/modules/cjs/loader:1038:27)
    at Module.require (node:internal/modules/cjs/loader:1289:19)
    at mod.require (/root/uatmonallo/node_modules/next/dist/server/require-hook.js:65:28)
    at require (node:internal/modules/helpers:182:18)
    at __webpack_require__.f.require (/root/uatmonallo/.next/server/webpack-runtime.js:203:28)
    at /root/uatmonallo/.next/server/webpack-runtime.js:116:40
    at Array.reduce (<anonymous>)
    at __webpack_require__.e (/root/uatmonallo/.next/server/webpack-runtime.js:115:67)
    at Array.map (<anonymous>)
    at __webpack_require__.X (/root/uatmonallo/.next/server/webpack-runtime.js:167:22)
    at /root/uatmonallo/.next/server/app/page.js:31:1539
    at Object.<anonymous> (/root/uatmonallo/.next/server/app/page.js:31:1593)
    at Module._compile (node:internal/modules/cjs/loader:1521:14)
    at Module._extensions..js (node:internal/modules/cjs/loader:1623:10)
    at Module.load (node:internal/modules/cjs/loader:1266:32)
    at Module._load (node:internal/modules/cjs/loader:1091:12)
    at Module.require (node:internal/modules/cjs/loader:1289:19)
    at mod.require (/root/uatmonallo/node_modules/next/dist/server/require-hook.js:65:28)
    at require (node:internal/modules/helpers:182:18)
    at requirePage (/root/uatmonallo/node_modules/next/dist/server/require.js:109:84)
    at /root/uatmonallo/node_modules/next/dist/server/load-components.js:98:84
    at async loadComponentsImpl (/root/uatmonallo/node_modules/next/dist/server/load-components.js:98:26)
    at async DevServer.findPageComponentsImpl (/root/uatmonallo/node_modules/next/dist/server/next-server.js:710:36)
    at async DevServer.findPageComponents (/root/uatmonallo/node_modules/next/dist/server/dev/next-dev-server.js:577:20)
    at async DevServer.renderPageComponent (/root/uatmonallo/node_modules/next/dist/server/base-server.js:1917:24)
    at async DevServer.renderToResponseImpl (/root/uatmonallo/node_modules/next/dist/server/base-server.js:1969:32)
    at async DevServer.pipeImpl (/root/uatmonallo/node_modules/next/dist/server/base-server.js:920:25)
    at async NextNodeServer.handleCatchallRenderRequest (/root/uatmonallo/node_modules/next/dist/server/next-server.js:272:17)
    at async DevServer.handleRequestImpl (/root/uatmonallo/node_modules/next/dist/server/base-server.js:816:17)
    at async /root/uatmonallo/node_modules/next/dist/server/dev/next-dev-server.js:339:20
    at async Span.traceAsyncFn (/root/uatmonallo/node_modules/next/dist/trace/trace.js:154:20)
    at async DevServer.handleRequest (/root/uatmonallo/node_modules/next/dist/server/dev/next-dev-server.js:336:24)
    at async invokeRender (/root/uatmonallo/node_modules/next/dist/server/lib/router-server.js:174:21)
    at async handleRequest (/root/uatmonallo/node_modules/next/dist/server/lib/router-server.js:353:24)
    at async requestHandlerImpl (/root/uatmonallo/node_modules/next/dist/server/lib/router-server.js:377:13)
    at async Server.requestListener (/root/uatmonallo/node_modules/next/dist/server/lib/start-server.js:141:13) {
  code: 'MODULE_NOT_FOUND',
  requireStack: [
    '/root/uatmonallo/.next/server/webpack-runtime.js',
    '/root/uatmonallo/.next/server/app/api/monallo/v1/chat/completions/route.js',
    '/root/uatmonallo/node_modules/next/dist/server/require.js',
    '/root/uatmonallo/node_modules/next/dist/server/load-components.js',
    '/root/uatmonallo/node_modules/next/dist/build/utils.js',
    '/root/uatmonallo/node_modules/next/dist/server/dev/hot-middleware.js',
    '/root/uatmonallo/node_modules/next/dist/server/dev/hot-reloader-webpack.js',
    '/root/uatmonallo/node_modules/next/dist/server/lib/router-utils/setup-dev-bundler.js',
    '/root/uatmonallo/node_modules/next/dist/server/lib/router-server.js',
    '/root/uatmonallo/node_modules/next/dist/server/lib/start-server.js'
  ],
  page: '/'
}
 ⨯ Error: Cannot find module './682.js'
Require stack:
- /root/uatmonallo/.next/server/webpack-runtime.js
- /root/uatmonallo/.next/server/app/api/monallo/v1/chat/completions/route.js
- /root/uatmonallo/node_modules/next/dist/server/require.js
- /root/uatmonallo/node_modules/next/dist/server/load-components.js
- /root/uatmonallo/node_modules/next/dist/build/utils.js
- /root/uatmonallo/node_modules/next/dist/server/dev/hot-middleware.js
- /root/uatmonallo/node_modules/next/dist/server/dev/hot-reloader-webpack.js
- /root/uatmonallo/node_modules/next/dist/server/lib/router-utils/setup-dev-bundler.js
- /root/uatmonallo/node_modules/next/dist/server/lib/router-server.js
- /root/uatmonallo/node_modules/next/dist/server/lib/start-server.js
    at Module._resolveFilename (node:internal/modules/cjs/loader:1207:15)
    at /root/uatmonallo/node_modules/next/dist/server/require-hook.js:55:36
    at Module._load (node:internal/modules/cjs/loader:1038:27)
    at Module.require (node:internal/modules/cjs/loader:1289:19)
    at mod.require (/root/uatmonallo/node_modules/next/dist/server/require-hook.js:65:28)
    at require (node:internal/modules/helpers:182:18)
    at __webpack_require__.f.require (/root/uatmonallo/.next/server/webpack-runtime.js:203:28)
    at /root/uatmonallo/.next/server/webpack-runtime.js:116:40
    at Array.reduce (<anonymous>)
    at __webpack_require__.e (/root/uatmonallo/.next/server/webpack-runtime.js:115:67)
    at Array.map (<anonymous>)
    at __webpack_require__.X (/root/uatmonallo/.next/server/webpack-runtime.js:167:22)
    at /root/uatmonallo/.next/server/pages/_document.js:1:340
    at Object.<anonymous> (/root/uatmonallo/.next/server/pages/_document.js:1:382)
    at Module._compile (node:internal/modules/cjs/loader:1521:14)
    at Module._extensions..js (node:internal/modules/cjs/loader:1623:10)
    at Module.load (node:internal/modules/cjs/loader:1266:32)
    at Module._load (node:internal/modules/cjs/loader:1091:12)
    at Module.require (node:internal/modules/cjs/loader:1289:19)
    at mod.require (/root/uatmonallo/node_modules/next/dist/server/require-hook.js:65:28)
    at require (node:internal/modules/helpers:182:18)
    at requirePage (/root/uatmonallo/node_modules/next/dist/server/require.js:109:84)
    at /root/uatmonallo/node_modules/next/dist/server/load-components.js:72:65
    at async Promise.all (index 0)
    at async loadComponentsImpl (/root/uatmonallo/node_modules/next/dist/server/load-components.js:71:33)
    at async DevServer.findPageComponentsImpl (/root/uatmonallo/node_modules/next/dist/server/next-server.js:710:36) {
  code: 'MODULE_NOT_FOUND',
  requireStack: [
    '/root/uatmonallo/.next/server/webpack-runtime.js',
    '/root/uatmonallo/.next/server/app/api/monallo/v1/chat/completions/route.js',
    '/root/uatmonallo/node_modules/next/dist/server/require.js',
    '/root/uatmonallo/node_modules/next/dist/server/load-components.js',
    '/root/uatmonallo/node_modules/next/dist/build/utils.js',
    '/root/uatmonallo/node_modules/next/dist/server/dev/hot-middleware.js',
    '/root/uatmonallo/node_modules/next/dist/server/dev/hot-reloader-webpack.js',
    '/root/uatmonallo/node_modules/next/dist/server/lib/router-utils/setup-dev-bundler.js',
    '/root/uatmonallo/node_modules/next/dist/server/lib/router-server.js',
    '/root/uatmonallo/node_modules/next/dist/server/lib/start-server.js'
  ]
}
 GET / 500 in 36ms
 ○ Compiling /_not-found ...
 ✓ Compiled /_not-found in 1014ms (4810 modules)
 GET /_next/static/chunks/fallback/main.js 404 in 1154ms
 GET /_next/static/chunks/fallback/pages/_error.js 404 in 1081ms
 GET /_next/static/chunks/fallback/react-refresh.js 404 in 1158ms
 GET /_next/static/chunks/fallback/webpack.js 404 in 1179ms
 GET /_next/static/chunks/fallback/pages/_app.js 404 in 1086ms
 ⨯ Error: Cannot find module './948.js'
Require stack:
- /root/uatmonallo/.next/server/webpack-runtime.js
- /root/uatmonallo/.next/server/app/_not-found/page.js
- /root/uatmonallo/node_modules/next/dist/server/require.js
- /root/uatmonallo/node_modules/next/dist/server/load-components.js
- /root/uatmonallo/node_modules/next/dist/build/utils.js
- /root/uatmonallo/node_modules/next/dist/server/dev/hot-middleware.js
- /root/uatmonallo/node_modules/next/dist/server/dev/hot-reloader-webpack.js
- /root/uatmonallo/node_modules/next/dist/server/lib/router-utils/setup-dev-bundler.js
- /root/uatmonallo/node_modules/next/dist/server/lib/router-server.js
- /root/uatmonallo/node_modules/next/dist/server/lib/start-server.js
    at Module._resolveFilename (node:internal/modules/cjs/loader:1207:15)
    at /root/uatmonallo/node_modules/next/dist/server/require-hook.js:55:36
    at Module._load (node:internal/modules/cjs/loader:1038:27)
    at Module.require (node:internal/modules/cjs/loader:1289:19)
    at mod.require (/root/uatmonallo/node_modules/next/dist/server/require-hook.js:65:28)
    at require (node:internal/modules/helpers:182:18)
    at __webpack_require__.f.require (/root/uatmonallo/.next/server/webpack-runtime.js:198:28)
    at /root/uatmonallo/.next/server/webpack-runtime.js:111:40
    at Array.reduce (<anonymous>)
    at __webpack_require__.e (/root/uatmonallo/.next/server/webpack-runtime.js:110:67)
    at Array.map (<anonymous>)
    at __webpack_require__.X (/root/uatmonallo/.next/server/webpack-runtime.js:162:22)
    at /root/uatmonallo/.next/server/app/page.js:31:1539
    at Object.<anonymous> (/root/uatmonallo/.next/server/app/page.js:31:1593)
    at Module._compile (node:internal/modules/cjs/loader:1521:14)
    at Module._extensions..js (node:internal/modules/cjs/loader:1623:10)
    at Module.load (node:internal/modules/cjs/loader:1266:32)
    at Module._load (node:internal/modules/cjs/loader:1091:12)
    at Module.require (node:internal/modules/cjs/loader:1289:19)
    at mod.require (/root/uatmonallo/node_modules/next/dist/server/require-hook.js:65:28)
    at require (node:internal/modules/helpers:182:18)
    at requirePage (/root/uatmonallo/node_modules/next/dist/server/require.js:109:84)
    at /root/uatmonallo/node_modules/next/dist/server/load-components.js:98:84
    at async loadComponentsImpl (/root/uatmonallo/node_modules/next/dist/server/load-components.js:98:26)
    at async DevServer.findPageComponentsImpl (/root/uatmonallo/node_modules/next/dist/server/next-server.js:710:36)
    at async DevServer.findPageComponents (/root/uatmonallo/node_modules/next/dist/server/dev/next-dev-server.js:577:20)
    at async DevServer.renderPageComponent (/root/uatmonallo/node_modules/next/dist/server/base-server.js:1917:24)
    at async DevServer.renderToResponseImpl (/root/uatmonallo/node_modules/next/dist/server/base-server.js:1969:32)
    at async DevServer.pipeImpl (/root/uatmonallo/node_modules/next/dist/server/base-server.js:920:25)
    at async NextNodeServer.handleCatchallRenderRequest (/root/uatmonallo/node_modules/next/dist/server/next-server.js:272:17)
    at async DevServer.handleRequestImpl (/root/uatmonallo/node_modules/next/dist/server/base-server.js:816:17)
    at async /root/uatmonallo/node_modules/next/dist/server/dev/next-dev-server.js:339:20
    at async Span.traceAsyncFn (/root/uatmonallo/node_modules/next/dist/trace/trace.js:154:20)
    at async DevServer.handleRequest (/root/uatmonallo/node_modules/next/dist/server/dev/next-dev-server.js:336:24)
    at async invokeRender (/root/uatmonallo/node_modules/next/dist/server/lib/router-server.js:174:21)
    at async handleRequest (/root/uatmonallo/node_modules/next/dist/server/lib/router-server.js:353:24)
    at async requestHandlerImpl (/root/uatmonallo/node_modules/next/dist/server/lib/router-server.js:377:13)
    at async Server.requestListener (/root/uatmonallo/node_modules/next/dist/server/lib/start-server.js:141:13) {
  code: 'MODULE_NOT_FOUND',
  requireStack: [
    '/root/uatmonallo/.next/server/webpack-runtime.js',
    '/root/uatmonallo/.next/server/app/_not-found/page.js',
    '/root/uatmonallo/node_modules/next/dist/server/require.js',
    '/root/uatmonallo/node_modules/next/dist/server/load-components.js',
    '/root/uatmonallo/node_modules/next/dist/build/utils.js',
    '/root/uatmonallo/node_modules/next/dist/server/dev/hot-middleware.js',
    '/root/uatmonallo/node_modules/next/dist/server/dev/hot-reloader-webpack.js',
    '/root/uatmonallo/node_modules/next/dist/server/lib/router-utils/setup-dev-bundler.js',
    '/root/uatmonallo/node_modules/next/dist/server/lib/router-server.js',
    '/root/uatmonallo/node_modules/next/dist/server/lib/start-server.js'
  ],
  page: '/'
}
 ⨯ Error: Cannot find module './682.js'
Require stack:
- /root/uatmonallo/.next/server/webpack-runtime.js
- /root/uatmonallo/.next/server/app/_not-found/page.js
- /root/uatmonallo/node_modules/next/dist/server/require.js
- /root/uatmonallo/node_modules/next/dist/server/load-components.js
- /root/uatmonallo/node_modules/next/dist/build/utils.js
- /root/uatmonallo/node_modules/next/dist/server/dev/hot-middleware.js
- /root/uatmonallo/node_modules/next/dist/server/dev/hot-reloader-webpack.js
- /root/uatmonallo/node_modules/next/dist/server/lib/router-utils/setup-dev-bundler.js
- /root/uatmonallo/node_modules/next/dist/server/lib/router-server.js
- /root/uatmonallo/node_modules/next/dist/server/lib/start-server.js
    at Module._resolveFilename (node:internal/modules/cjs/loader:1207:15)
    at /root/uatmonallo/node_modules/next/dist/server/require-hook.js:55:36
    at Module._load (node:internal/modules/cjs/loader:1038:27)
    at Module.require (node:internal/modules/cjs/loader:1289:19)
    at mod.require (/root/uatmonallo/node_modules/next/dist/server/require-hook.js:65:28)
    at require (node:internal/modules/helpers:182:18)
    at __webpack_require__.f.require (/root/uatmonallo/.next/server/webpack-runtime.js:198:28)
    at /root/uatmonallo/.next/server/webpack-runtime.js:111:40
    at Array.reduce (<anonymous>)
    at __webpack_require__.e (/root/uatmonallo/.next/server/webpack-runtime.js:110:67)
    at Array.map (<anonymous>)
    at __webpack_require__.X (/root/uatmonallo/.next/server/webpack-runtime.js:162:22)
    at /root/uatmonallo/.next/server/pages/_document.js:1:340
    at Object.<anonymous> (/root/uatmonallo/.next/server/pages/_document.js:1:382)
    at Module._compile (node:internal/modules/cjs/loader:1521:14)
    at Module._extensions..js (node:internal/modules/cjs/loader:1623:10)
    at Module.load (node:internal/modules/cjs/loader:1266:32)
    at Module._load (node:internal/modules/cjs/loader:1091:12)
    at Module.require (node:internal/modules/cjs/loader:1289:19)
    at mod.require (/root/uatmonallo/node_modules/next/dist/server/require-hook.js:65:28)
    at require (node:internal/modules/helpers:182:18)
    at requirePage (/root/uatmonallo/node_modules/next/dist/server/require.js:109:84)
    at /root/uatmonallo/node_modules/next/dist/server/load-components.js:72:65
    at async Promise.all (index 0)
    at async loadComponentsImpl (/root/uatmonallo/node_modules/next/dist/server/load-components.js:71:33)
    at async DevServer.findPageComponentsImpl (/root/uatmonallo/node_modules/next/dist/server/next-server.js:710:36) {
  code: 'MODULE_NOT_FOUND',
  requireStack: [
    '/root/uatmonallo/.next/server/webpack-runtime.js',
    '/root/uatmonallo/.next/server/app/_not-found/page.js',
    '/root/uatmonallo/node_modules/next/dist/server/require.js',
    '/root/uatmonallo/node_modules/next/dist/server/load-components.js',
    '/root/uatmonallo/node_modules/next/dist/build/utils.js',
    '/root/uatmonallo/node_modules/next/dist/server/dev/hot-middleware.js',
    '/root/uatmonallo/node_modules/next/dist/server/dev/hot-reloader-webpack.js',
    '/root/uatmonallo/node_modules/next/dist/server/lib/router-utils/setup-dev-bundler.js',
    '/root/uatmonallo/node_modules/next/dist/server/lib/router-server.js',
    '/root/uatmonallo/node_modules/next/dist/server/lib/start-server.js'
  ]
}
 GET / 500 in 34ms
 GET /_next/static/chunks/fallback/webpack.js 404 in 99ms
 GET /_next/static/chunks/fallback/react-refresh.js 404 in 99ms
 GET /_next/static/chunks/fallback/main.js 404 in 101ms
 GET /_next/static/chunks/fallback/pages/_app.js 404 in 39ms
 GET /_next/static/chunks/fallback/pages/_error.js 404 in 36ms
 ⨯ Error: Cannot find module './948.js'
Require stack:
- /root/uatmonallo/.next/server/webpack-runtime.js
- /root/uatmonallo/.next/server/app/_not-found/page.js
- /root/uatmonallo/node_modules/next/dist/server/require.js
- /root/uatmonallo/node_modules/next/dist/server/load-components.js
- /root/uatmonallo/node_modules/next/dist/build/utils.js
- /root/uatmonallo/node_modules/next/dist/server/dev/hot-middleware.js
- /root/uatmonallo/node_modules/next/dist/server/dev/hot-reloader-webpack.js
- /root/uatmonallo/node_modules/next/dist/server/lib/router-utils/setup-dev-bundler.js
- /root/uatmonallo/node_modules/next/dist/server/lib/router-server.js
- /root/uatmonallo/node_modules/next/dist/server/lib/start-server.js
    at Module._resolveFilename (node:internal/modules/cjs/loader:1207:15)
    at /root/uatmonallo/node_modules/next/dist/server/require-hook.js:55:36
    at Module._load (node:internal/modules/cjs/loader:1038:27)
    at Module.require (node:internal/modules/cjs/loader:1289:19)
    at mod.require (/root/uatmonallo/node_modules/next/dist/server/require-hook.js:65:28)
    at require (node:internal/modules/helpers:182:18)
    at __webpack_require__.f.require (/root/uatmonallo/.next/server/webpack-runtime.js:198:28)
    at /root/uatmonallo/.next/server/webpack-runtime.js:111:40
    at Array.reduce (<anonymous>)
    at __webpack_require__.e (/root/uatmonallo/.next/server/webpack-runtime.js:110:67)
    at Array.map (<anonymous>)
    at __webpack_require__.X (/root/uatmonallo/.next/server/webpack-runtime.js:162:22)
    at /root/uatmonallo/.next/server/app/page.js:31:1539
    at Object.<anonymous> (/root/uatmonallo/.next/server/app/page.js:31:1593)
    at Module._compile (node:internal/modules/cjs/loader:1521:14)
    at Module._extensions..js (node:internal/modules/cjs/loader:1623:10)
    at Module.load (node:internal/modules/cjs/loader:1266:32)
    at Module._load (node:internal/modules/cjs/loader:1091:12)
    at Module.require (node:internal/modules/cjs/loader:1289:19)
    at mod.require (/root/uatmonallo/node_modules/next/dist/server/require-hook.js:65:28)
    at require (node:internal/modules/helpers:182:18)
    at requirePage (/root/uatmonallo/node_modules/next/dist/server/require.js:109:84)
    at /root/uatmonallo/node_modules/next/dist/server/load-components.js:98:84
    at async loadComponentsImpl (/root/uatmonallo/node_modules/next/dist/server/load-components.js:98:26)
    at async DevServer.findPageComponentsImpl (/root/uatmonallo/node_modules/next/dist/server/next-server.js:710:36)
    at async DevServer.findPageComponents (/root/uatmonallo/node_modules/next/dist/server/dev/next-dev-server.js:577:20)
    at async DevServer.renderPageComponent (/root/uatmonallo/node_modules/next/dist/server/base-server.js:1917:24)
    at async DevServer.renderToResponseImpl (/root/uatmonallo/node_modules/next/dist/server/base-server.js:1969:32)
    at async DevServer.pipeImpl (/root/uatmonallo/node_modules/next/dist/server/base-server.js:920:25)
    at async NextNodeServer.handleCatchallRenderRequest (/root/uatmonallo/node_modules/next/dist/server/next-server.js:272:17)
    at async DevServer.handleRequestImpl (/root/uatmonallo/node_modules/next/dist/server/base-server.js:816:17)
    at async /root/uatmonallo/node_modules/next/dist/server/dev/next-dev-server.js:339:20
    at async Span.traceAsyncFn (/root/uatmonallo/node_modules/next/dist/trace/trace.js:154:20)
    at async DevServer.handleRequest (/root/uatmonallo/node_modules/next/dist/server/dev/next-dev-server.js:336:24)
    at async invokeRender (/root/uatmonallo/node_modules/next/dist/server/lib/router-server.js:174:21)
    at async handleRequest (/root/uatmonallo/node_modules/next/dist/server/lib/router-server.js:353:24)
    at async requestHandlerImpl (/root/uatmonallo/node_modules/next/dist/server/lib/router-server.js:377:13)
    at async Server.requestListener (/root/uatmonallo/node_modules/next/dist/server/lib/start-server.js:141:13) {
  code: 'MODULE_NOT_FOUND',
  requireStack: [
    '/root/uatmonallo/.next/server/webpack-runtime.js',
    '/root/uatmonallo/.next/server/app/_not-found/page.js',
    '/root/uatmonallo/node_modules/next/dist/server/require.js',
    '/root/uatmonallo/node_modules/next/dist/server/load-components.js',
    '/root/uatmonallo/node_modules/next/dist/build/utils.js',
    '/root/uatmonallo/node_modules/next/dist/server/dev/hot-middleware.js',
    '/root/uatmonallo/node_modules/next/dist/server/dev/hot-reloader-webpack.js',
    '/root/uatmonallo/node_modules/next/dist/server/lib/router-utils/setup-dev-bundler.js',
    '/root/uatmonallo/node_modules/next/dist/server/lib/router-server.js',
    '/root/uatmonallo/node_modules/next/dist/server/lib/start-server.js'
  ],
  page: '/'
}
 ⨯ Error: Cannot find module './682.js'
Require stack:
- /root/uatmonallo/.next/server/webpack-runtime.js
- /root/uatmonallo/.next/server/app/_not-found/page.js
- /root/uatmonallo/node_modules/next/dist/server/require.js
- /root/uatmonallo/node_modules/next/dist/server/load-components.js
- /root/uatmonallo/node_modules/next/dist/build/utils.js
- /root/uatmonallo/node_modules/next/dist/server/dev/hot-middleware.js
- /root/uatmonallo/node_modules/next/dist/server/dev/hot-reloader-webpack.js
- /root/uatmonallo/node_modules/next/dist/server/lib/router-utils/setup-dev-bundler.js
- /root/uatmonallo/node_modules/next/dist/server/lib/router-server.js
- /root/uatmonallo/node_modules/next/dist/server/lib/start-server.js
    at Module._resolveFilename (node:internal/modules/cjs/loader:1207:15)
    at /root/uatmonallo/node_modules/next/dist/server/require-hook.js:55:36
    at Module._load (node:internal/modules/cjs/loader:1038:27)
    at Module.require (node:internal/modules/cjs/loader:1289:19)
    at mod.require (/root/uatmonallo/node_modules/next/dist/server/require-hook.js:65:28)
    at require (node:internal/modules/helpers:182:18)
    at __webpack_require__.f.require (/root/uatmonallo/.next/server/webpack-runtime.js:198:28)
    at /root/uatmonallo/.next/server/webpack-runtime.js:111:40
    at Array.reduce (<anonymous>)
    at __webpack_require__.e (/root/uatmonallo/.next/server/webpack-runtime.js:110:67)
    at Array.map (<anonymous>)
    at __webpack_require__.X (/root/uatmonallo/.next/server/webpack-runtime.js:162:22)
    at /root/uatmonallo/.next/server/pages/_document.js:1:340
    at Object.<anonymous> (/root/uatmonallo/.next/server/pages/_document.js:1:382)
    at Module._compile (node:internal/modules/cjs/loader:1521:14)
    at Module._extensions..js (node:internal/modules/cjs/loader:1623:10)
    at Module.load (node:internal/modules/cjs/loader:1266:32)
    at Module._load (node:internal/modules/cjs/loader:1091:12)
    at Module.require (node:internal/modules/cjs/loader:1289:19)
    at mod.require (/root/uatmonallo/node_modules/next/dist/server/require-hook.js:65:28)
    at require (node:internal/modules/helpers:182:18)
    at requirePage (/root/uatmonallo/node_modules/next/dist/server/require.js:109:84)
    at /root/uatmonallo/node_modules/next/dist/server/load-components.js:72:65
    at async Promise.all (index 0)
    at async loadComponentsImpl (/root/uatmonallo/node_modules/next/dist/server/load-components.js:71:33)
    at async DevServer.findPageComponentsImpl (/root/uatmonallo/node_modules/next/dist/server/next-server.js:710:36) {
  code: 'MODULE_NOT_FOUND',
  requireStack: [
    '/root/uatmonallo/.next/server/webpack-runtime.js',
    '/root/uatmonallo/.next/server/app/_not-found/page.js',
    '/root/uatmonallo/node_modules/next/dist/server/require.js',
    '/root/uatmonallo/node_modules/next/dist/server/load-components.js',
    '/root/uatmonallo/node_modules/next/dist/build/utils.js',
    '/root/uatmonallo/node_modules/next/dist/server/dev/hot-middleware.js',
    '/root/uatmonallo/node_modules/next/dist/server/dev/hot-reloader-webpack.js',
    '/root/uatmonallo/node_modules/next/dist/server/lib/router-utils/setup-dev-bundler.js',
    '/root/uatmonallo/node_modules/next/dist/server/lib/router-server.js',
    '/root/uatmonallo/node_modules/next/dist/server/lib/start-server.js'
  ]
}
 GET / 500 in 49ms
 GET /_next/static/chunks/fallback/main.js 404 in 109ms
 GET /_next/static/chunks/fallback/webpack.js 404 in 119ms
 GET /_next/static/chunks/fallback/react-refresh.js 404 in 110ms
 GET /_next/static/chunks/fallback/pages/_error.js 404 in 35ms
 GET /_next/static/chunks/fallback/pages/_app.js 404 in 39ms
 GET /store 404 in 84ms
 GET /_next/static/css/app/layout.css?v=1773888613392 404 in 53ms
 GET /_next/static/chunks/main-app.js?v=1773888613392 404 in 46ms
 GET /_next/static/chunks/app-pages-internals.js 404 in 42ms
 GET /store 404 in 47ms
 GET /_next/static/css/app/layout.css?v=1773888616461 404 in 23ms
 GET /_next/static/chunks/main-app.js?v=1773888616461 404 in 41ms
 GET /_next/static/chunks/app-pages-internals.js 404 in 40ms
 GET /.git/config 404 in 37ms
 ⨯ Error: Cannot find module './948.js'
Require stack:
- /root/uatmonallo/.next/server/webpack-runtime.js
- /root/uatmonallo/.next/server/app/_not-found/page.js
- /root/uatmonallo/node_modules/next/dist/server/require.js
- /root/uatmonallo/node_modules/next/dist/server/load-components.js
- /root/uatmonallo/node_modules/next/dist/build/utils.js
- /root/uatmonallo/node_modules/next/dist/server/dev/hot-middleware.js
- /root/uatmonallo/node_modules/next/dist/server/dev/hot-reloader-webpack.js
- /root/uatmonallo/node_modules/next/dist/server/lib/router-utils/setup-dev-bundler.js
- /root/uatmonallo/node_modules/next/dist/server/lib/router-server.js
- /root/uatmonallo/node_modules/next/dist/server/lib/start-server.js
    at Module._resolveFilename (node:internal/modules/cjs/loader:1207:15)
    at /root/uatmonallo/node_modules/next/dist/server/require-hook.js:55:36
    at Module._load (node:internal/modules/cjs/loader:1038:27)
    at Module.require (node:internal/modules/cjs/loader:1289:19)
    at mod.require (/root/uatmonallo/node_modules/next/dist/server/require-hook.js:65:28)
    at require (node:internal/modules/helpers:182:18)
    at __webpack_require__.f.require (/root/uatmonallo/.next/server/webpack-runtime.js:198:28)
    at /root/uatmonallo/.next/server/webpack-runtime.js:111:40
    at Array.reduce (<anonymous>)
    at __webpack_require__.e (/root/uatmonallo/.next/server/webpack-runtime.js:110:67)
    at Array.map (<anonymous>)
    at __webpack_require__.X (/root/uatmonallo/.next/server/webpack-runtime.js:162:22)
    at /root/uatmonallo/.next/server/app/store/page.js:106:45278
    at Object.<anonymous> (/root/uatmonallo/.next/server/app/store/page.js:106:45340)
    at Module._compile (node:internal/modules/cjs/loader:1521:14)
    at Module._extensions..js (node:internal/modules/cjs/loader:1623:10)
    at Module.load (node:internal/modules/cjs/loader:1266:32)
    at Module._load (node:internal/modules/cjs/loader:1091:12)
    at Module.require (node:internal/modules/cjs/loader:1289:19)
    at mod.require (/root/uatmonallo/node_modules/next/dist/server/require-hook.js:65:28)
    at require (node:internal/modules/helpers:182:18)
    at requirePage (/root/uatmonallo/node_modules/next/dist/server/require.js:109:84)
    at /root/uatmonallo/node_modules/next/dist/server/load-components.js:98:84
    at async loadComponentsImpl (/root/uatmonallo/node_modules/next/dist/server/load-components.js:98:26)
    at async DevServer.findPageComponentsImpl (/root/uatmonallo/node_modules/next/dist/server/next-server.js:710:36)
    at async DevServer.findPageComponents (/root/uatmonallo/node_modules/next/dist/server/dev/next-dev-server.js:577:20)
    at async DevServer.renderPageComponent (/root/uatmonallo/node_modules/next/dist/server/base-server.js:1917:24)
    at async DevServer.renderToResponseImpl (/root/uatmonallo/node_modules/next/dist/server/base-server.js:1969:32)
    at async DevServer.pipeImpl (/root/uatmonallo/node_modules/next/dist/server/base-server.js:920:25)
    at async NextNodeServer.handleCatchallRenderRequest (/root/uatmonallo/node_modules/next/dist/server/next-server.js:272:17)
    at async DevServer.handleRequestImpl (/root/uatmonallo/node_modules/next/dist/server/base-server.js:816:17)
    at async /root/uatmonallo/node_modules/next/dist/server/dev/next-dev-server.js:339:20
    at async Span.traceAsyncFn (/root/uatmonallo/node_modules/next/dist/trace/trace.js:154:20)
    at async DevServer.handleRequest (/root/uatmonallo/node_modules/next/dist/server/dev/next-dev-server.js:336:24)
    at async invokeRender (/root/uatmonallo/node_modules/next/dist/server/lib/router-server.js:174:21)
    at async handleRequest (/root/uatmonallo/node_modules/next/dist/server/lib/router-server.js:353:24)
    at async requestHandlerImpl (/root/uatmonallo/node_modules/next/dist/server/lib/router-server.js:377:13)
    at async Server.requestListener (/root/uatmonallo/node_modules/next/dist/server/lib/start-server.js:141:13) {
  code: 'MODULE_NOT_FOUND',
  requireStack: [
    '/root/uatmonallo/.next/server/webpack-runtime.js',
    '/root/uatmonallo/.next/server/app/_not-found/page.js',
    '/root/uatmonallo/node_modules/next/dist/server/require.js',
    '/root/uatmonallo/node_modules/next/dist/server/load-components.js',
    '/root/uatmonallo/node_modules/next/dist/build/utils.js',
    '/root/uatmonallo/node_modules/next/dist/server/dev/hot-middleware.js',
    '/root/uatmonallo/node_modules/next/dist/server/dev/hot-reloader-webpack.js',
    '/root/uatmonallo/node_modules/next/dist/server/lib/router-utils/setup-dev-bundler.js',
    '/root/uatmonallo/node_modules/next/dist/server/lib/router-server.js',
    '/root/uatmonallo/node_modules/next/dist/server/lib/start-server.js'
  ],
  page: '/store'
}
 ⨯ Error: Cannot find module './682.js'
Require stack:
- /root/uatmonallo/.next/server/webpack-runtime.js
- /root/uatmonallo/.next/server/app/_not-found/page.js
- /root/uatmonallo/node_modules/next/dist/server/require.js
- /root/uatmonallo/node_modules/next/dist/server/load-components.js
- /root/uatmonallo/node_modules/next/dist/build/utils.js
- /root/uatmonallo/node_modules/next/dist/server/dev/hot-middleware.js
- /root/uatmonallo/node_modules/next/dist/server/dev/hot-reloader-webpack.js
- /root/uatmonallo/node_modules/next/dist/server/lib/router-utils/setup-dev-bundler.js
- /root/uatmonallo/node_modules/next/dist/server/lib/router-server.js
- /root/uatmonallo/node_modules/next/dist/server/lib/start-server.js
    at Module._resolveFilename (node:internal/modules/cjs/loader:1207:15)
    at /root/uatmonallo/node_modules/next/dist/server/require-hook.js:55:36
    at Module._load (node:internal/modules/cjs/loader:1038:27)
    at Module.require (node:internal/modules/cjs/loader:1289:19)
    at mod.require (/root/uatmonallo/node_modules/next/dist/server/require-hook.js:65:28)
    at require (node:internal/modules/helpers:182:18)
    at __webpack_require__.f.require (/root/uatmonallo/.next/server/webpack-runtime.js:198:28)
    at /root/uatmonallo/.next/server/webpack-runtime.js:111:40
    at Array.reduce (<anonymous>)
    at __webpack_require__.e (/root/uatmonallo/.next/server/webpack-runtime.js:110:67)
    at Array.map (<anonymous>)
    at __webpack_require__.X (/root/uatmonallo/.next/server/webpack-runtime.js:162:22)
    at /root/uatmonallo/.next/server/pages/_document.js:1:340
    at Object.<anonymous> (/root/uatmonallo/.next/server/pages/_document.js:1:382)
    at Module._compile (node:internal/modules/cjs/loader:1521:14)
    at Module._extensions..js (node:internal/modules/cjs/loader:1623:10)
    at Module.load (node:internal/modules/cjs/loader:1266:32)
    at Module._load (node:internal/modules/cjs/loader:1091:12)
    at Module.require (node:internal/modules/cjs/loader:1289:19)
    at mod.require (/root/uatmonallo/node_modules/next/dist/server/require-hook.js:65:28)
    at require (node:internal/modules/helpers:182:18)
    at requirePage (/root/uatmonallo/node_modules/next/dist/server/require.js:109:84)
    at /root/uatmonallo/node_modules/next/dist/server/load-components.js:72:65
    at async Promise.all (index 0)
    at async loadComponentsImpl (/root/uatmonallo/node_modules/next/dist/server/load-components.js:71:33)
    at async DevServer.findPageComponentsImpl (/root/uatmonallo/node_modules/next/dist/server/next-server.js:710:36) {
  code: 'MODULE_NOT_FOUND',
  requireStack: [
    '/root/uatmonallo/.next/server/webpack-runtime.js',
    '/root/uatmonallo/.next/server/app/_not-found/page.js',
    '/root/uatmonallo/node_modules/next/dist/server/require.js',
    '/root/uatmonallo/node_modules/next/dist/server/load-components.js',
    '/root/uatmonallo/node_modules/next/dist/build/utils.js',
    '/root/uatmonallo/node_modules/next/dist/server/dev/hot-middleware.js',
    '/root/uatmonallo/node_modules/next/dist/server/dev/hot-reloader-webpack.js',
    '/root/uatmonallo/node_modules/next/dist/server/lib/router-utils/setup-dev-bundler.js',
    '/root/uatmonallo/node_modules/next/dist/server/lib/router-server.js',
    '/root/uatmonallo/node_modules/next/dist/server/lib/start-server.js'
  ]
}
 GET /store 500 in 81ms
 GET /_next/static/chunks/fallback/main.js 404 in 95ms
 GET /_next/static/chunks/fallback/webpack.js 404 in 99ms
 GET /_next/static/chunks/fallback/react-refresh.js 404 in 101ms
 GET /_next/static/chunks/fallback/pages/_app.js 404 in 39ms
 GET /_next/static/chunks/fallback/pages/_error.js 404 in 37ms
 ⨯ Error: Cannot find module './948.js'
Require stack:
- /root/uatmonallo/.next/server/webpack-runtime.js
- /root/uatmonallo/.next/server/app/_not-found/page.js
- /root/uatmonallo/node_modules/next/dist/server/require.js
- /root/uatmonallo/node_modules/next/dist/server/load-components.js
- /root/uatmonallo/node_modules/next/dist/build/utils.js
- /root/uatmonallo/node_modules/next/dist/server/dev/hot-middleware.js
- /root/uatmonallo/node_modules/next/dist/server/dev/hot-reloader-webpack.js
- /root/uatmonallo/node_modules/next/dist/server/lib/router-utils/setup-dev-bundler.js
- /root/uatmonallo/node_modules/next/dist/server/lib/router-server.js
- /root/uatmonallo/node_modules/next/dist/server/lib/start-server.js
    at Module._resolveFilename (node:internal/modules/cjs/loader:1207:15)
    at /root/uatmonallo/node_modules/next/dist/server/require-hook.js:55:36
    at Module._load (node:internal/modules/cjs/loader:1038:27)
    at Module.require (node:internal/modules/cjs/loader:1289:19)
    at mod.require (/root/uatmonallo/node_modules/next/dist/server/require-hook.js:65:28)
    at require (node:internal/modules/helpers:182:18)
    at __webpack_require__.f.require (/root/uatmonallo/.next/server/webpack-runtime.js:198:28)
    at /root/uatmonallo/.next/server/webpack-runtime.js:111:40
    at Array.reduce (<anonymous>)
    at __webpack_require__.e (/root/uatmonallo/.next/server/webpack-runtime.js:110:67)
    at Array.map (<anonymous>)
    at __webpack_require__.X (/root/uatmonallo/.next/server/webpack-runtime.js:162:22)
    at /root/uatmonallo/.next/server/app/store/page.js:106:45278
    at Object.<anonymous> (/root/uatmonallo/.next/server/app/store/page.js:106:45340)
    at Module._compile (node:internal/modules/cjs/loader:1521:14)
    at Module._extensions..js (node:internal/modules/cjs/loader:1623:10)
    at Module.load (node:internal/modules/cjs/loader:1266:32)
    at Module._load (node:internal/modules/cjs/loader:1091:12)
    at Module.require (node:internal/modules/cjs/loader:1289:19)
    at mod.require (/root/uatmonallo/node_modules/next/dist/server/require-hook.js:65:28)
    at require (node:internal/modules/helpers:182:18)
    at requirePage (/root/uatmonallo/node_modules/next/dist/server/require.js:109:84)
    at /root/uatmonallo/node_modules/next/dist/server/load-components.js:98:84
    at async loadComponentsImpl (/root/uatmonallo/node_modules/next/dist/server/load-components.js:98:26)
    at async DevServer.findPageComponentsImpl (/root/uatmonallo/node_modules/next/dist/server/next-server.js:710:36)
    at async DevServer.findPageComponents (/root/uatmonallo/node_modules/next/dist/server/dev/next-dev-server.js:577:20)
    at async DevServer.renderPageComponent (/root/uatmonallo/node_modules/next/dist/server/base-server.js:1917:24)
    at async DevServer.renderToResponseImpl (/root/uatmonallo/node_modules/next/dist/server/base-server.js:1969:32)
    at async DevServer.pipeImpl (/root/uatmonallo/node_modules/next/dist/server/base-server.js:920:25)
    at async NextNodeServer.handleCatchallRenderRequest (/root/uatmonallo/node_modules/next/dist/server/next-server.js:272:17)
    at async DevServer.handleRequestImpl (/root/uatmonallo/node_modules/next/dist/server/base-server.js:816:17)
    at async /root/uatmonallo/node_modules/next/dist/server/dev/next-dev-server.js:339:20
    at async Span.traceAsyncFn (/root/uatmonallo/node_modules/next/dist/trace/trace.js:154:20)
    at async DevServer.handleRequest (/root/uatmonallo/node_modules/next/dist/server/dev/next-dev-server.js:336:24)
    at async invokeRender (/root/uatmonallo/node_modules/next/dist/server/lib/router-server.js:174:21)
    at async handleRequest (/root/uatmonallo/node_modules/next/dist/server/lib/router-server.js:353:24)
    at async requestHandlerImpl (/root/uatmonallo/node_modules/next/dist/server/lib/router-server.js:377:13)
    at async Server.requestListener (/root/uatmonallo/node_modules/next/dist/server/lib/start-server.js:141:13) {
  code: 'MODULE_NOT_FOUND',
  requireStack: [
    '/root/uatmonallo/.next/server/webpack-runtime.js',
    '/root/uatmonallo/.next/server/app/_not-found/page.js',
    '/root/uatmonallo/node_modules/next/dist/server/require.js',
    '/root/uatmonallo/node_modules/next/dist/server/load-components.js',
    '/root/uatmonallo/node_modules/next/dist/build/utils.js',
    '/root/uatmonallo/node_modules/next/dist/server/dev/hot-middleware.js',
    '/root/uatmonallo/node_modules/next/dist/server/dev/hot-reloader-webpack.js',
    '/root/uatmonallo/node_modules/next/dist/server/lib/router-utils/setup-dev-bundler.js',
    '/root/uatmonallo/node_modules/next/dist/server/lib/router-server.js',
    '/root/uatmonallo/node_modules/next/dist/server/lib/start-server.js'
  ],
  page: '/store'
}
 ⨯ Error: Cannot find module './682.js'
Require stack:
- /root/uatmonallo/.next/server/webpack-runtime.js
- /root/uatmonallo/.next/server/app/_not-found/page.js
- /root/uatmonallo/node_modules/next/dist/server/require.js
- /root/uatmonallo/node_modules/next/dist/server/load-components.js
- /root/uatmonallo/node_modules/next/dist/build/utils.js
- /root/uatmonallo/node_modules/next/dist/server/dev/hot-middleware.js
- /root/uatmonallo/node_modules/next/dist/server/dev/hot-reloader-webpack.js
- /root/uatmonallo/node_modules/next/dist/server/lib/router-utils/setup-dev-bundler.js
- /root/uatmonallo/node_modules/next/dist/server/lib/router-server.js
- /root/uatmonallo/node_modules/next/dist/server/lib/start-server.js
    at Module._resolveFilename (node:internal/modules/cjs/loader:1207:15)
    at /root/uatmonallo/node_modules/next/dist/server/require-hook.js:55:36
    at Module._load (node:internal/modules/cjs/loader:1038:27)
    at Module.require (node:internal/modules/cjs/loader:1289:19)
    at mod.require (/root/uatmonallo/node_modules/next/dist/server/require-hook.js:65:28)
    at require (node:internal/modules/helpers:182:18)
    at __webpack_require__.f.require (/root/uatmonallo/.next/server/webpack-runtime.js:198:28)
    at /root/uatmonallo/.next/server/webpack-runtime.js:111:40
    at Array.reduce (<anonymous>)
    at __webpack_require__.e (/root/uatmonallo/.next/server/webpack-runtime.js:110:67)
    at Array.map (<anonymous>)
    at __webpack_require__.X (/root/uatmonallo/.next/server/webpack-runtime.js:162:22)
    at /root/uatmonallo/.next/server/pages/_document.js:1:340
    at Object.<anonymous> (/root/uatmonallo/.next/server/pages/_document.js:1:382)
    at Module._compile (node:internal/modules/cjs/loader:1521:14)
    at Module._extensions..js (node:internal/modules/cjs/loader:1623:10)
    at Module.load (node:internal/modules/cjs/loader:1266:32)
    at Module._load (node:internal/modules/cjs/loader:1091:12)
    at Module.require (node:internal/modules/cjs/loader:1289:19)
    at mod.require (/root/uatmonallo/node_modules/next/dist/server/require-hook.js:65:28)
    at require (node:internal/modules/helpers:182:18)
    at requirePage (/root/uatmonallo/node_modules/next/dist/server/require.js:109:84)
    at /root/uatmonallo/node_modules/next/dist/server/load-components.js:72:65
    at async Promise.all (index 0)
    at async loadComponentsImpl (/root/uatmonallo/node_modules/next/dist/server/load-components.js:71:33)
    at async DevServer.findPageComponentsImpl (/root/uatmonallo/node_modules/next/dist/server/next-server.js:710:36) {
  code: 'MODULE_NOT_FOUND',
  requireStack: [
    '/root/uatmonallo/.next/server/webpack-runtime.js',
    '/root/uatmonallo/.next/server/app/_not-found/page.js',
    '/root/uatmonallo/node_modules/next/dist/server/require.js',
    '/root/uatmonallo/node_modules/next/dist/server/load-components.js',
    '/root/uatmonallo/node_modules/next/dist/build/utils.js',
    '/root/uatmonallo/node_modules/next/dist/server/dev/hot-middleware.js',
    '/root/uatmonallo/node_modules/next/dist/server/dev/hot-reloader-webpack.js',
    '/root/uatmonallo/node_modules/next/dist/server/lib/router-utils/setup-dev-bundler.js',
    '/root/uatmonallo/node_modules/next/dist/server/lib/router-server.js',
    '/root/uatmonallo/node_modules/next/dist/server/lib/start-server.js'
  ]
}
 HEAD /store 500 in 72ms
[?25h
